Config loaded from :configs/800ep_model0_25more.yaml
Dataset loaded :VCTK
Experiment launched on Orange PC
Encoder loaded from : models/tmp_model_2s_cuda_0.pt
only use mic1 sequences
Initiating Scorers for VCTK
Masks dimensions : (1999000,)  (49995000,)  (49995000,)
Masks dimensions : (1999000,)  (49995000,)  (49995000,)
Masks dimensions : (1999000,)  (3240,)  (3240,)
Masks dimensions : (1999000,)  (3240,)  (3240,)
New Test data loaded from : voxceleb1_dev Size of test loader 13678
Masks dimensions : (1999000,)  (52326,)  (52326,)
EER on test set : 2.1955003848133003 %
Masks dimensions : (13041,)  (13041,)
New test set added
device used : cuda
loading model from dir :/home/dzbz0373/Voice/Expe/models/800ep_model0/800ep_model0.ckpt
Model loaded successfully
solver initialized
EER target valid : 0.0995675323809697 %
EER source valid : 50.210884724724814 %
EER target test : 6.901825110308865 %
EER source test : 51.47739651416122 %
time taken for eers computation : 55
Start training...
Elapsed [0:02:16], Epoch [1/25]	, G/loss_id: 0.0543, G/loss_id_psnt: 0.0526, G/loss_cd: 0.0053, G/loss_emb: 0.0009
EER target valid : 0.23191106985776624 %
EER source valid : 50.19562966400741 %
EER target test : 7.984230846369836 %
EER source test : 51.48168320826273 %
time taken for eers computation : 54
	Validation [1/25]	, G/loss_id: 0.0600, G/loss_id_psnt: 0.0594, G/loss_cd: 0.0057, G/loss_emb: 0.0011
Saved at /home/dzbz0373/Voice/Expe/models/800ep_model0_25more/800ep_model0_25more.ckpt
Elapsed [0:05:27], Epoch [2/25]	, G/loss_id: 0.0487, G/loss_id_psnt: 0.0471, G/loss_cd: 0.0052, G/loss_emb: 0.0009
EER target valid : 0.10183442594103317 %
EER source valid : 50.199718971893105 %
EER target test : 5.5535499398315284 %
EER source test : 51.48596990236424 %
time taken for eers computation : 54
	Validation [2/25]	, G/loss_id: 0.0599, G/loss_id_psnt: 0.0593, G/loss_cd: 0.0056, G/loss_emb: 0.0010
Saved at /home/dzbz0373/Voice/Expe/models/800ep_model0_25more/800ep_model0_25more.ckpt
Elapsed [0:08:37], Epoch [3/25]	, G/loss_id: 0.0544, G/loss_id_psnt: 0.0525, G/loss_cd: 0.0052, G/loss_emb: 0.0009
EER target valid : 0.34079265367293476 %
EER source valid : 50.194409334995505 %
EER target test : 7.638136782992379 %
EER source test : 51.344761155491 %
time taken for eers computation : 54
	Validation [3/25]	, G/loss_id: 0.0602, G/loss_id_psnt: 0.0596, G/loss_cd: 0.0058, G/loss_emb: 0.0010
Saved at /home/dzbz0373/Voice/Expe/models/800ep_model0_25more/800ep_model0_25more.ckpt
Elapsed [0:11:47], Epoch [4/25]	, G/loss_id: 0.0493, G/loss_id_psnt: 0.0477, G/loss_cd: 0.0055, G/loss_emb: 0.0008
EER target valid : 0.28756916108017316 %
EER source valid : 50.177077303566286 %
EER target test : 7.1169900722021655 %
EER source test : 51.494543290567265 %
time taken for eers computation : 54
	Validation [4/25]	, G/loss_id: 0.0598, G/loss_id_psnt: 0.0592, G/loss_cd: 0.0057, G/loss_emb: 0.0010
Saved at /home/dzbz0373/Voice/Expe/models/800ep_model0_25more/800ep_model0_25more.ckpt
Elapsed [0:14:57], Epoch [5/25]	, G/loss_id: 0.0547, G/loss_id_psnt: 0.0528, G/loss_cd: 0.0055, G/loss_emb: 0.0009
EER target valid : 0.33889954641518616 %
EER source valid : 50.198103648699245 %
EER target test : 7.292042719614922 %
EER source test : 51.57800774630841 %
time taken for eers computation : 54
	Validation [5/25]	, G/loss_id: 0.0601, G/loss_id_psnt: 0.0595, G/loss_cd: 0.0057, G/loss_emb: 0.0010
Saved at /home/dzbz0373/Voice/Expe/models/800ep_model0_25more/800ep_model0_25more.ckpt
Elapsed [0:18:07], Epoch [6/25]	, G/loss_id: 0.0494, G/loss_id_psnt: 0.0477, G/loss_cd: 0.0050, G/loss_emb: 0.0008
EER target valid : 0.14162022264687446 %
EER source valid : 50.19867139744593 %
EER target test : 6.273816686722824 %
EER source test : 51.48596990236424 %
time taken for eers computation : 54
	Validation [6/25]	, G/loss_id: 0.0599, G/loss_id_psnt: 0.0594, G/loss_cd: 0.0056, G/loss_emb: 0.0010
Saved at /home/dzbz0373/Voice/Expe/models/800ep_model0_25more/800ep_model0_25more.ckpt
Elapsed [0:21:17], Epoch [7/25]	, G/loss_id: 0.0546, G/loss_id_psnt: 0.0529, G/loss_cd: 0.0052, G/loss_emb: 0.0009
EER target valid : 0.18243642551638095 %
EER source valid : 50.195459939139774 %
EER target test : 6.7708960088247085 %
EER source test : 51.257010005648354 %
time taken for eers computation : 54
	Validation [7/25]	, G/loss_id: 0.0596, G/loss_id_psnt: 0.0590, G/loss_cd: 0.0055, G/loss_emb: 0.0010
Saved at /home/dzbz0373/Voice/Expe/models/800ep_model0_25more/800ep_model0_25more.ckpt
Elapsed [0:24:27], Epoch [8/25]	, G/loss_id: 0.0540, G/loss_id_psnt: 0.0523, G/loss_cd: 0.0054, G/loss_emb: 0.0009
EER target valid : 0.26303842509172876 %
EER source valid : 50.19274351685012 %
EER target test : 6.249749298034497 %
EER source test : 51.257010005648354 %
time taken for eers computation : 54
	Validation [8/25]	, G/loss_id: 0.0597, G/loss_id_psnt: 0.0592, G/loss_cd: 0.0056, G/loss_emb: 0.0011
Saved at /home/dzbz0373/Voice/Expe/models/800ep_model0_25more/800ep_model0_25more.ckpt
Elapsed [0:27:37], Epoch [9/25]	, G/loss_id: 0.0537, G/loss_id_psnt: 0.0520, G/loss_cd: 0.0054, G/loss_emb: 0.0009
EER target valid : 0.2799421356709899 %
EER source valid : 50.20181412078747 %
EER target test : 5.5535499398315284 %
EER source test : 51.41536552892762 %
time taken for eers computation : 54
	Validation [9/25]	, G/loss_id: 0.0594, G/loss_id_psnt: 0.0588, G/loss_cd: 0.0054, G/loss_emb: 0.0011
Saved at /home/dzbz0373/Voice/Expe/models/800ep_model0_25more/800ep_model0_25more.ckpt
Elapsed [0:30:47], Epoch [10/25]	, G/loss_id: 0.0474, G/loss_id_psnt: 0.0458, G/loss_cd: 0.0049, G/loss_emb: 0.0008
EER target valid : 0.2638627500226609 %
EER source valid : 50.20062004915034 %
EER target test : 5.398553449659045 %
EER source test : 51.42393891713064 %
time taken for eers computation : 54
	Validation [10/25]	, G/loss_id: 0.0594, G/loss_id_psnt: 0.0588, G/loss_cd: 0.0056, G/loss_emb: 0.0010
Saved at /home/dzbz0373/Voice/Expe/models/800ep_model0_25more/800ep_model0_25more.ckpt
Elapsed [0:33:57], Epoch [11/25]	, G/loss_id: 0.0553, G/loss_id_psnt: 0.0535, G/loss_cd: 0.0050, G/loss_emb: 0.0008
EER target valid : 0.18326075044731313 %
EER source valid : 50.19708839102104 %
EER target test : 5.2074558764540715 %
EER source test : 51.55228758169934 %
time taken for eers computation : 54
	Validation [11/25]	, G/loss_id: 0.0597, G/loss_id_psnt: 0.0590, G/loss_cd: 0.0056, G/loss_emb: 0.0010
Saved at /home/dzbz0373/Voice/Expe/models/800ep_model0_25more/800ep_model0_25more.ckpt
Elapsed [0:37:08], Epoch [12/25]	, G/loss_id: 0.0498, G/loss_id_psnt: 0.0481, G/loss_cd: 0.0048, G/loss_emb: 0.0009
EER target valid : 0.20328900618556975 %
EER source valid : 50.2061832325351 %
EER target test : 6.623921981548336 %
EER source test : 51.560860969902365 %
time taken for eers computation : 54
	Validation [12/25]	, G/loss_id: 0.0593, G/loss_id_psnt: 0.0586, G/loss_cd: 0.0054, G/loss_emb: 0.0010
Saved at /home/dzbz0373/Voice/Expe/models/800ep_model0_25more/800ep_model0_25more.ckpt
Elapsed [0:40:18], Epoch [13/25]	, G/loss_id: 0.0525, G/loss_id_psnt: 0.0507, G/loss_cd: 0.0054, G/loss_emb: 0.0009
EER target valid : 0.24118775502784415 %
EER source valid : 50.21257579034595 %
EER target test : 5.2074558764540715 %
EER source test : 51.490256596465755 %
time taken for eers computation : 54
	Validation [13/25]	, G/loss_id: 0.0596, G/loss_id_psnt: 0.0590, G/loss_cd: 0.0055, G/loss_emb: 0.0010
Saved at /home/dzbz0373/Voice/Expe/models/800ep_model0_25more/800ep_model0_25more.ckpt
Elapsed [0:43:28], Epoch [14/25]	, G/loss_id: 0.0472, G/loss_id_psnt: 0.0456, G/loss_cd: 0.0051, G/loss_emb: 0.0008
EER target valid : 0.3193157699113651 %
EER source valid : 50.206967161504835 %
EER target test : 9.694645006016847 %
EER source test : 51.490256596465755 %
time taken for eers computation : 54
	Validation [14/25]	, G/loss_id: 0.0596, G/loss_id_psnt: 0.0591, G/loss_cd: 0.0056, G/loss_emb: 0.0010
Saved at /home/dzbz0373/Voice/Expe/models/800ep_model0_25more/800ep_model0_25more.ckpt
Elapsed [0:46:38], Epoch [15/25]	, G/loss_id: 0.0531, G/loss_id_psnt: 0.0514, G/loss_cd: 0.0050, G/loss_emb: 0.0008
EER target valid : 0.1811999381199827 %
EER source valid : 50.2077561399697 %
EER target test : 5.871565383072603 %
EER source test : 51.41536552892762 %
time taken for eers computation : 54
	Validation [15/25]	, G/loss_id: 0.0595, G/loss_id_psnt: 0.0589, G/loss_cd: 0.0055, G/loss_emb: 0.0010
Saved at /home/dzbz0373/Voice/Expe/models/800ep_model0_25more/800ep_model0_25more.ckpt
Elapsed [0:49:48], Epoch [16/25]	, G/loss_id: 0.0465, G/loss_id_psnt: 0.0449, G/loss_cd: 0.0050, G/loss_emb: 0.0008
EER target valid : 0.33786813035249064 %
EER source valid : 50.19686615140382 %
EER target test : 6.249749298034497 %
EER source test : 51.63575203744048 %
time taken for eers computation : 54
	Validation [16/25]	, G/loss_id: 0.0599, G/loss_id_psnt: 0.0593, G/loss_cd: 0.0057, G/loss_emb: 0.0010
Saved at /home/dzbz0373/Voice/Expe/models/800ep_model0_25more/800ep_model0_25more.ckpt
Elapsed [0:52:58], Epoch [17/25]	, G/loss_id: 0.0581, G/loss_id_psnt: 0.0563, G/loss_cd: 0.0050, G/loss_emb: 0.0008
EER target valid : 0.19351835672857184 %
EER source valid : 50.206393353363964 %
EER target test : 5.744647513036502 %
EER source test : 51.560860969902365 %
time taken for eers computation : 54
	Validation [17/25]	, G/loss_id: 0.0593, G/loss_id_psnt: 0.0588, G/loss_cd: 0.0054, G/loss_emb: 0.0010
Saved at /home/dzbz0373/Voice/Expe/models/800ep_model0_25more/800ep_model0_25more.ckpt
Elapsed [0:56:08], Epoch [18/25]	, G/loss_id: 0.0515, G/loss_id_psnt: 0.0498, G/loss_cd: 0.0049, G/loss_emb: 0.0008
EER target valid : 0.2634505875571948 %
EER source valid : 50.20531851164296 %
EER target test : 5.728602587244284 %
EER source test : 51.053770273541524 %
time taken for eers computation : 54
	Validation [18/25]	, G/loss_id: 0.0604, G/loss_id_psnt: 0.0599, G/loss_cd: 0.0057, G/loss_emb: 0.0010
Saved at /home/dzbz0373/Voice/Expe/models/800ep_model0_25more/800ep_model0_25more.ckpt
Elapsed [0:59:17], Epoch [19/25]	, G/loss_id: 0.0462, G/loss_id_psnt: 0.0448, G/loss_cd: 0.0051, G/loss_emb: 0.0008
EER target valid : 0.20696716150482541 %
EER source valid : 50.20795717170727 %
EER target test : 5.036414460489371 %
EER source test : 51.47310982005971 %
time taken for eers computation : 54
	Validation [19/25]	, G/loss_id: 0.0596, G/loss_id_psnt: 0.0589, G/loss_cd: 0.0054, G/loss_emb: 0.0010
Saved at /home/dzbz0373/Voice/Expe/models/800ep_model0_25more/800ep_model0_25more.ckpt
Elapsed [1:02:27], Epoch [20/25]	, G/loss_id: 0.0504, G/loss_id_psnt: 0.0486, G/loss_cd: 0.0050, G/loss_emb: 0.0010
EER target valid : 0.1449185322696335 %
EER source valid : 50.215023517662985 %
EER target test : 4.495211592458885 %
EER source test : 51.560860969902365 %
time taken for eers computation : 54
	Validation [20/25]	, G/loss_id: 0.0598, G/loss_id_psnt: 0.0593, G/loss_cd: 0.0054, G/loss_emb: 0.0011
Saved at /home/dzbz0373/Voice/Expe/models/800ep_model0_25more/800ep_model0_25more.ckpt
Elapsed [1:05:38], Epoch [21/25]	, G/loss_id: 0.0559, G/loss_id_psnt: 0.0541, G/loss_cd: 0.0051, G/loss_emb: 0.0009
EER target valid : 0.09154854248692623 %
EER source valid : 50.199797744017474 %
EER target test : 4.8613618130766145 %
EER source test : 51.35333454369402 %
time taken for eers computation : 54
	Validation [21/25]	, G/loss_id: 0.0596, G/loss_id_psnt: 0.0591, G/loss_cd: 0.0056, G/loss_emb: 0.0010
Saved at /home/dzbz0373/Voice/Expe/models/800ep_model0_25more/800ep_model0_25more.ckpt
Elapsed [1:08:49], Epoch [22/25]	, G/loss_id: 0.0553, G/loss_id_psnt: 0.0534, G/loss_cd: 0.0056, G/loss_emb: 0.0009
EER target valid : 0.2467509384126061 %
EER source valid : 50.1877965573655 %
EER target test : 7.992253309265945 %
EER source test : 51.27415678205438 %
time taken for eers computation : 54
	Validation [22/25]	, G/loss_id: 0.0598, G/loss_id_psnt: 0.0592, G/loss_cd: 0.0056, G/loss_emb: 0.0011
Saved at /home/dzbz0373/Voice/Expe/models/800ep_model0_25more/800ep_model0_25more.ckpt
Elapsed [1:11:59], Epoch [23/25]	, G/loss_id: 0.0492, G/loss_id_psnt: 0.0478, G/loss_cd: 0.0052, G/loss_emb: 0.0010
EER target valid : 1.7124308389198268 %
EER source valid : 50.19706617324237 %
EER target test : 4.511256518251103 %
EER source test : 51.48168320826273 %
time taken for eers computation : 54
	Validation [23/25]	, G/loss_id: 0.0607, G/loss_id_psnt: 0.0602, G/loss_cd: 0.0054, G/loss_emb: 0.0012
Saved at /home/dzbz0373/Voice/Expe/models/800ep_model0_25more/800ep_model0_25more.ckpt
Elapsed [1:15:09], Epoch [24/25]	, G/loss_id: 0.0608, G/loss_id_psnt: 0.0590, G/loss_cd: 0.0054, G/loss_emb: 0.0009
EER target valid : 0.5777820317198156 %
EER source valid : 50.166572210192065 %
EER target test : 5.370474829522663 %
EER source test : 51.344761155491 %
time taken for eers computation : 54
	Validation [24/25]	, G/loss_id: 0.0609, G/loss_id_psnt: 0.0603, G/loss_cd: 0.0058, G/loss_emb: 0.0011
Saved at /home/dzbz0373/Voice/Expe/models/800ep_model0_25more/800ep_model0_25more.ckpt
Elapsed [1:18:19], Epoch [25/25]	, G/loss_id: 0.0640, G/loss_id_psnt: 0.0622, G/loss_cd: 0.0057, G/loss_emb: 0.0009
EER target valid : 0.22449012568131602 %
EER source valid : 50.17831379096269 %
EER target test : 7.1169900722021655 %
EER source test : 51.282730170257395 %
time taken for eers computation : 54
	Validation [25/25]	, G/loss_id: 0.0601, G/loss_id_psnt: 0.0595, G/loss_cd: 0.0056, G/loss_emb: 0.0010
Saved at /home/dzbz0373/Voice/Expe/models/800ep_model0_25more/800ep_model0_25more.ckpt
Last epoch saved at /home/dzbz0373/Voice/Expe/models/800ep_model0_25more/800ep_model0_25more.ckpt
EER target valid : 0.2040820242465628 %
EER source valid : 50.185940816371875 %
EER target test : 7.145068692338548 %
EER source test : 51.344761155491 %
### Training Finished ###
