2021-07-29 11:21:19,611 - INFO - 
*********************************
Dataset options
*********************************

2021-07-29 11:21:19,614 - INFO - batch_size: 256
data_file_extension: .wav
data_path: /ssd/data/VoxCeleb/vox2_dev_wav/wav
dataset_csv: data/voxceleb2_dev_fixed_half1.csv
sample_rate: 16000
stratify: false
test:
  data_path: /ssd/data/VoxCeleb/vox1_test_wav/wav
  idmap: h5f/vox1_test_cleaned_idmap.h5
  key: h5f/vox1_test_cleaned_key.h5
  ndx: h5f/vox1_test_cleaned_ndx.h5
train:
  chunk_per_segment: -1
  duration: 2
  overlap: 2
  sampler:
    augmentation_replica: 1
    examples_per_speaker: 1
    samples_per_speaker: 256
  transform_number: 1
  transformation:
    add_noise:
      data_path: /ssd/data/musan_original
      noise_db_csv: data/musan_original.csv
    add_reverb:
      data_path: /ssd/data/simulated_rirs
      rir_db_csv: data/simulated_rirs.csv
    pipeline: add_reverb,add_noise,phone_filtering,codec
valid:
  duration: 2
  transformation:
    add_noise:
      data_path: /ssd/data/musan_original
      noise_db_csv: data/musan_original.csv
    add_reverb:
      data_path: ''
      noise_db_csv: ''
    pipeline: ''
validation_ratio: 0.02

2021-07-29 11:21:19,614 - INFO - 
*********************************
Model options
*********************************

2021-07-29 11:21:19,615 - INFO - freeze_parts: []
initial_model_name: null
loss:
  aam_margin: O.2
  aam_s: 30
  type: aam
model_type: halfresnet34
preprocessor:
  feature_size: 80
  type: mel_spec
reset_parts: []
speaker_number: 5994

2021-07-29 11:21:19,615 - INFO - 
*********************************
Training options
*********************************

2021-07-29 11:21:19,616 - INFO - best_model_name: models/best_model_2s_cuda_0.pt
checkpoint_frequency: 10
clipping: false
compute_test_eer: true
deterministic: false
epochs: 1000
log_file: logs/training_resnet_0.log
log_interval: 461
lr: 0.001
mixed_precision: true
multi_gpu: false
num_cpu: 5
numpy_seed: 0
optimizer:
  options: null
  type: adam
patience: 100
random_seed: 0
scheduler:
  options: null
  type: CyclicLR
tmp_model_name: models/tmp_model_2s_cuda_0.pt
torch_seed: 0
validation_frequency: 1

2021-07-29 11:52:59,312 - INFO - 
*********************************
Dataset options
*********************************

2021-07-29 11:52:59,315 - INFO - batch_size: 256
data_file_extension: .wav
data_path: /ssd/data/VoxCeleb/vox2_dev_wav/wav
dataset_csv: data/voxceleb2_dev_fixed_half1.csv
sample_rate: 16000
stratify: false
test:
  data_path: /ssd/data/VoxCeleb/vox1_test_wav/wav
  idmap: h5f/vox1_test_cleaned_idmap.h5
  key: h5f/vox1_test_cleaned_key.h5
  ndx: h5f/vox1_test_cleaned_ndx.h5
train:
  chunk_per_segment: -1
  duration: 2
  overlap: 2
  sampler:
    augmentation_replica: 1
    examples_per_speaker: 1
    samples_per_speaker: 256
  transform_number: 1
  transformation:
    add_noise:
      data_path: /ssd/data/musan_original
      noise_db_csv: data/musan_original.csv
    add_reverb:
      data_path: /ssd/data/simulated_rirs
      rir_db_csv: data/simulated_rirs.csv
    pipeline: add_reverb,add_noise,phone_filtering,codec
valid:
  duration: 2
  transformation:
    add_noise:
      data_path: /ssd/data/musan_original
      noise_db_csv: data/musan_original.csv
    add_reverb:
      data_path: ''
      noise_db_csv: ''
    pipeline: ''
validation_ratio: 0.02

2021-07-29 11:52:59,315 - INFO - 
*********************************
Model options
*********************************

2021-07-29 11:52:59,316 - INFO - freeze_parts: []
initial_model_name: null
loss:
  aam_margin: O.2
  aam_s: 30
  type: aam
model_type: halfresnet34
preprocessor:
  feature_size: 80
  type: mel_spec
reset_parts: []
speaker_number: 5994

2021-07-29 11:52:59,316 - INFO - 
*********************************
Training options
*********************************

2021-07-29 11:52:59,318 - INFO - best_model_name: models/best_model_2s_cuda_0.pt
checkpoint_frequency: 10
clipping: false
compute_test_eer: true
deterministic: false
epochs: 1000
log_file: logs/training_resnet_0.log
log_interval: 461
lr: 0.001
mixed_precision: true
multi_gpu: false
num_cpu: 5
numpy_seed: 0
optimizer:
  options: null
  type: adam
patience: 100
random_seed: 0
scheduler:
  options: null
  type: CyclicLR
tmp_model_name: models/tmp_model_2s_cuda_0.pt
torch_seed: 0
validation_frequency: 1

2021-07-29 12:03:34,773 - INFO - 
*********************************
Dataset options
*********************************

2021-07-29 12:03:34,776 - INFO - batch_size: 256
data_file_extension: .wav
data_path: /ssd/data/VoxCeleb/vox2_dev_wav/wav
dataset_csv: data/voxceleb2_dev_fixed_half1.csv
sample_rate: 16000
stratify: false
test:
  data_path: /ssd/data/VoxCeleb/vox1_test_wav/wav
  idmap: h5f/vox1_test_cleaned_idmap.h5
  key: h5f/vox1_test_cleaned_key.h5
  ndx: h5f/vox1_test_cleaned_ndx.h5
train:
  chunk_per_segment: -1
  duration: 2
  overlap: 2
  sampler:
    augmentation_replica: 1
    examples_per_speaker: 1
    samples_per_speaker: 256
  transform_number: 1
  transformation:
    add_noise:
      data_path: /ssd/data/musan_original
      noise_db_csv: data/musan_original.csv
    add_reverb:
      data_path: /ssd/data/simulated_rirs
      rir_db_csv: data/simulated_rirs.csv
    pipeline: add_reverb,add_noise,phone_filtering,codec
valid:
  duration: 2
  transformation:
    add_noise:
      data_path: /ssd/data/musan_original
      noise_db_csv: data/musan_original.csv
    add_reverb:
      data_path: ''
      noise_db_csv: ''
    pipeline: ''
validation_ratio: 0.02

2021-07-29 12:03:34,776 - INFO - 
*********************************
Model options
*********************************

2021-07-29 12:03:34,777 - INFO - freeze_parts: []
initial_model_name: null
loss:
  aam_margin: O.2
  aam_s: 30
  type: aam
model_type: halfresnet34
preprocessor:
  feature_size: 80
  type: mel_spec
reset_parts: []
speaker_number: 5994

2021-07-29 12:03:34,777 - INFO - 
*********************************
Training options
*********************************

2021-07-29 12:03:34,778 - INFO - best_model_name: models/best_model_2s_cuda_0.pt
checkpoint_frequency: 10
clipping: false
compute_test_eer: true
deterministic: false
epochs: 1000
log_file: logs/training_resnet_0.log
log_interval: 461
lr: 0.001
mixed_precision: true
multi_gpu: false
num_cpu: 5
numpy_seed: 0
optimizer:
  options: null
  type: adam
patience: 100
random_seed: 0
scheduler:
  options: null
  type: CyclicLR
tmp_model_name: models/tmp_model_2s_cuda_0.pt
torch_seed: 0
validation_frequency: 1

2021-07-29 12:06:28,453 - INFO - 
*********************************
Dataset options
*********************************

2021-07-29 12:06:28,456 - INFO - batch_size: 256
data_file_extension: .wav
data_path: /ssd/data/VoxCeleb/vox2_dev_wav/wav
dataset_csv: data/voxceleb2_dev_fixed_half1.csv
sample_rate: 16000
stratify: false
test:
  data_path: /ssd/data/VoxCeleb/vox1_test_wav/wav
  idmap: h5f/vox1_test_cleaned_idmap.h5
  key: h5f/vox1_test_cleaned_key.h5
  ndx: h5f/vox1_test_cleaned_ndx.h5
train:
  chunk_per_segment: -1
  duration: 2
  overlap: 2
  sampler:
    augmentation_replica: 1
    examples_per_speaker: 1
    samples_per_speaker: 256
  transform_number: 1
  transformation:
    add_noise:
      data_path: /ssd/data/musan_original
      noise_db_csv: data/musan_original.csv
    add_reverb:
      data_path: /ssd/data/simulated_rirs
      rir_db_csv: data/simulated_rirs.csv
    pipeline: add_reverb,add_noise,phone_filtering,codec
valid:
  duration: 2
  transformation:
    add_noise:
      data_path: /ssd/data/musan_original
      noise_db_csv: data/musan_original.csv
    add_reverb:
      data_path: ''
      noise_db_csv: ''
    pipeline: ''
validation_ratio: 0.02

2021-07-29 12:06:28,456 - INFO - 
*********************************
Model options
*********************************

2021-07-29 12:06:28,457 - INFO - freeze_parts: []
initial_model_name: null
loss:
  aam_margin: 0.2
  aam_s: 30
  type: aam
model_type: fastresnet
preprocessor:
  feature_size: 80
  type: mel_spec
reset_parts: []
speaker_number: null

2021-07-29 12:06:28,457 - INFO - 
*********************************
Training options
*********************************

2021-07-29 12:06:28,459 - INFO - best_model_name: models/best_model_2s_cuda_0.pt
checkpoint_frequency: 10
clipping: false
compute_test_eer: true
deterministic: false
epochs: 1000
log_file: logs/training_resnet_0.log
log_interval: 461
lr: 0.001
mixed_precision: true
multi_gpu: false
num_cpu: 5
numpy_seed: 0
optimizer:
  options: null
  type: adam
patience: 100
random_seed: 0
scheduler:
  options: null
  type: CyclicLR
tmp_model_name: models/tmp_model_2s_cuda_0.pt
torch_seed: 0
validation_frequency: 1

2021-07-29 12:09:20,992 - INFO - 
*********************************
Dataset options
*********************************

2021-07-29 12:09:20,995 - INFO - batch_size: 256
data_file_extension: .wav
data_path: /ssd/data/VoxCeleb/vox2_dev_wav/wav
dataset_csv: data/voxceleb2_dev_fixed_half1.csv
sample_rate: 16000
stratify: false
test:
  data_path: /ssd/data/VoxCeleb/vox1_test_wav/wav
  idmap: h5f/vox1_test_cleaned_idmap.h5
  key: h5f/vox1_test_cleaned_key.h5
  ndx: h5f/vox1_test_cleaned_ndx.h5
train:
  chunk_per_segment: -1
  duration: 2
  overlap: 2
  sampler:
    augmentation_replica: 1
    examples_per_speaker: 1
    samples_per_speaker: 256
  transform_number: 1
  transformation:
    add_noise:
      data_path: /ssd/data/musan_original
      noise_db_csv: data/musan_original.csv
    add_reverb:
      data_path: /ssd/data/simulated_rirs
      rir_db_csv: data/simulated_rirs.csv
    pipeline: add_reverb,add_noise,phone_filtering,codec
valid:
  duration: 2
  transformation:
    add_noise:
      data_path: /ssd/data/musan_original
      noise_db_csv: data/musan_original.csv
    add_reverb:
      data_path: ''
      noise_db_csv: ''
    pipeline: ''
validation_ratio: 0.02

2021-07-29 12:09:20,995 - INFO - 
*********************************
Model options
*********************************

2021-07-29 12:09:20,995 - INFO - freeze_parts: []
initial_model_name: null
loss:
  aam_margin: 0.2
  aam_s: 30
  type: aam
model_type: fastresnet
preprocessor:
  feature_size: 80
  type: mel_spec
reset_parts: []
speaker_number: null

2021-07-29 12:09:20,996 - INFO - 
*********************************
Training options
*********************************

2021-07-29 12:09:20,997 - INFO - best_model_name: models/best_model_2s_cuda_0.pt
checkpoint_frequency: 10
clipping: false
compute_test_eer: true
deterministic: false
epochs: 1000
log_file: logs/training_resnet_0.log
log_interval: 461
lr: 0.001
mixed_precision: true
multi_gpu: false
num_cpu: 5
numpy_seed: 0
optimizer:
  options: null
  type: adam
patience: 100
random_seed: 0
scheduler:
  options: null
  type: CyclicLR
tmp_model_name: models/tmp_model_2s_cuda_0.pt
torch_seed: 0
validation_frequency: 1

2021-07-29 12:12:45,153 - INFO - 
*********************************
Dataset options
*********************************

2021-07-29 12:12:45,156 - INFO - batch_size: 256
data_file_extension: .wav
data_path: /ssd/data/VoxCeleb/vox2_dev_wav/wav
dataset_csv: data/voxceleb2_dev_fixed_half1.csv
sample_rate: 16000
stratify: false
test:
  data_path: /ssd/data/VoxCeleb/vox1_test_wav/wav
  idmap: h5f/vox1_test_cleaned_idmap.h5
  key: h5f/vox1_test_cleaned_key.h5
  ndx: h5f/vox1_test_cleaned_ndx.h5
train:
  chunk_per_segment: -1
  duration: 2
  overlap: 2
  sampler:
    augmentation_replica: 1
    examples_per_speaker: 1
    samples_per_speaker: 256
  transform_number: 1
  transformation:
    add_noise:
      data_path: /ssd/data/musan_original
      noise_db_csv: data/musan_original.csv
    add_reverb:
      data_path: /ssd/data/simulated_rirs
      rir_db_csv: data/simulated_rirs.csv
    pipeline: add_reverb,add_noise,phone_filtering,codec
valid:
  duration: 2
  transformation:
    add_noise:
      data_path: /ssd/data/musan_original
      noise_db_csv: data/musan_original.csv
    add_reverb:
      data_path: ''
      noise_db_csv: ''
    pipeline: ''
validation_ratio: 0.02

2021-07-29 12:12:45,156 - INFO - 
*********************************
Model options
*********************************

2021-07-29 12:12:45,157 - INFO - freeze_parts: []
initial_model_name: null
loss:
  aam_margin: 0.2
  aam_s: 30
  type: aam
model_type: fastresnet
preprocessor:
  feature_size: 80
  type: mel_spec
reset_parts: []
speaker_number: null

2021-07-29 12:12:45,157 - INFO - 
*********************************
Training options
*********************************

2021-07-29 12:12:45,159 - INFO - best_model_name: models/best_model_2s_cuda_0.pt
checkpoint_frequency: 10
clipping: false
compute_test_eer: true
deterministic: false
epochs: 1000
log_file: logs/training_resnet_0.log
log_interval: 461
lr: 0.001
mixed_precision: true
multi_gpu: false
num_cpu: 5
numpy_seed: 0
optimizer:
  options: null
  type: adam
patience: 100
random_seed: 0
scheduler:
  options: null
  type: CyclicLR
tmp_model_name: models/tmp_model_2s_cuda_0.pt
torch_seed: 0
validation_frequency: 1

2021-07-29 12:40:30,689 - INFO - 
*********************************
Dataset options
*********************************

2021-07-29 12:40:30,692 - INFO - batch_size: 256
data_file_extension: .wav
data_path: /ssd/data/VoxCeleb/vox2_dev_wav/wav
dataset_csv: data/voxceleb2_dev_fixed_half1.csv
sample_rate: 16000
stratify: false
test:
  data_path: /ssd/data/VoxCeleb/vox1_test_wav/wav
  idmap: h5f/vox1_test_cleaned_idmap.h5
  key: h5f/vox1_test_cleaned_key.h5
  ndx: h5f/vox1_test_cleaned_ndx.h5
train:
  chunk_per_segment: -1
  duration: 2
  overlap: 2
  sampler:
    augmentation_replica: 1
    examples_per_speaker: 1
    samples_per_speaker: 256
  transform_number: 1
  transformation:
    add_noise:
      data_path: /ssd/data/musan_original
      noise_db_csv: data/musan_original.csv
    add_reverb:
      data_path: /ssd/data/simulated_rirs
      rir_db_csv: data/simulated_rirs.csv
    pipeline: add_reverb,add_noise,phone_filtering,codec
valid:
  duration: 2
  transformation:
    add_noise:
      data_path: /ssd/data/musan_original
      noise_db_csv: data/musan_original.csv
    add_reverb:
      data_path: ''
      noise_db_csv: ''
    pipeline: ''
validation_ratio: 0.02

2021-07-29 12:40:30,692 - INFO - 
*********************************
Model options
*********************************

2021-07-29 12:40:30,693 - INFO - freeze_parts: []
initial_model_name: null
loss:
  aam_margin: 0.2
  aam_s: 30
  type: aam
model_type: fastresnet
preprocessor:
  feature_size: 80
  type: mel_spec
reset_parts: []
speaker_number: null

2021-07-29 12:40:30,693 - INFO - 
*********************************
Training options
*********************************

2021-07-29 12:40:30,694 - INFO - best_model_name: models/best_model_2s_cuda_0.pt
checkpoint_frequency: 10
clipping: false
compute_test_eer: true
deterministic: false
epochs: 1000
log_file: logs/training_resnet_0.log
log_interval: 461
lr: 0.001
mixed_precision: true
multi_gpu: false
num_cpu: 5
numpy_seed: 0
optimizer:
  options: null
  type: adam
patience: 100
random_seed: 0
scheduler:
  options: null
  type: CyclicLR
tmp_model_name: models/tmp_model_2s_cuda_0.pt
torch_seed: 0
validation_frequency: 1

2021-07-29 12:42:09,964 - INFO - 
*********************************
Dataset options
*********************************

2021-07-29 12:42:09,967 - INFO - batch_size: 256
data_file_extension: .wav
data_path: /ssd/data/VoxCeleb/vox2_dev_wav/wav
dataset_csv: data/voxceleb2_dev_fixed_half1.csv
sample_rate: 16000
stratify: false
test:
  data_path: /ssd/data/VoxCeleb/vox1_test_wav/wav
  idmap: h5f/vox1_test_cleaned_idmap.h5
  key: h5f/vox1_test_cleaned_key.h5
  ndx: h5f/vox1_test_cleaned_ndx.h5
train:
  chunk_per_segment: -1
  duration: 2
  overlap: 2
  sampler:
    augmentation_replica: 1
    examples_per_speaker: 1
    samples_per_speaker: 256
  transform_number: 1
  transformation:
    add_noise:
      data_path: /ssd/data/musan_original
      noise_db_csv: data/musan_original.csv
    add_reverb:
      data_path: /ssd/data/simulated_rirs
      rir_db_csv: data/simulated_rirs.csv
    pipeline: add_reverb,add_noise,phone_filtering,codec
valid:
  duration: 2
  transformation:
    add_noise:
      data_path: /ssd/data/musan_original
      noise_db_csv: data/musan_original.csv
    add_reverb:
      data_path: ''
      noise_db_csv: ''
    pipeline: ''
validation_ratio: 0.02

2021-07-29 12:42:09,967 - INFO - 
*********************************
Model options
*********************************

2021-07-29 12:42:09,968 - INFO - freeze_parts: []
initial_model_name: null
loss:
  aam_margin: O.2
  aam_s: 30
  type: aam
model_type: halfresnet34
preprocessor:
  feature_size: 80
  type: mel_spec
reset_parts: []
speaker_number: 5994

2021-07-29 12:42:09,968 - INFO - 
*********************************
Training options
*********************************

2021-07-29 12:42:09,970 - INFO - best_model_name: models/best_model_2s_cuda_0.pt
checkpoint_frequency: 10
clipping: false
compute_test_eer: true
deterministic: false
epochs: 1000
log_file: logs/training_resnet_0.log
log_interval: 461
lr: 0.001
mixed_precision: true
multi_gpu: false
num_cpu: 5
numpy_seed: 0
optimizer:
  options: null
  type: adam
patience: 100
random_seed: 0
scheduler:
  options: null
  type: CyclicLR
tmp_model_name: models/tmp_model_2s_cuda_0.pt
torch_seed: 0
validation_frequency: 1

2021-07-29 12:43:01,306 - INFO - 
*********************************
Dataset options
*********************************

2021-07-29 12:43:01,309 - INFO - batch_size: 256
data_file_extension: .wav
data_path: /ssd/data/VoxCeleb/vox2_dev_wav/wav
dataset_csv: data/voxceleb2_dev_fixed_half1.csv
sample_rate: 16000
stratify: false
test:
  data_path: /ssd/data/VoxCeleb/vox1_test_wav/wav
  idmap: h5f/vox1_test_cleaned_idmap.h5
  key: h5f/vox1_test_cleaned_key.h5
  ndx: h5f/vox1_test_cleaned_ndx.h5
train:
  chunk_per_segment: -1
  duration: 2
  overlap: 2
  sampler:
    augmentation_replica: 1
    examples_per_speaker: 1
    samples_per_speaker: 256
  transform_number: 1
  transformation:
    add_noise:
      data_path: /ssd/data/musan_original
      noise_db_csv: data/musan_original.csv
    add_reverb:
      data_path: /ssd/data/simulated_rirs
      rir_db_csv: data/simulated_rirs.csv
    pipeline: add_reverb,add_noise,phone_filtering,codec
valid:
  duration: 2
  transformation:
    add_noise:
      data_path: /ssd/data/musan_original
      noise_db_csv: data/musan_original.csv
    add_reverb:
      data_path: ''
      noise_db_csv: ''
    pipeline: ''
validation_ratio: 0.02

2021-07-29 12:43:01,309 - INFO - 
*********************************
Model options
*********************************

2021-07-29 12:43:01,310 - INFO - freeze_parts: []
initial_model_name: null
loss:
  aam_margin: 0.2
  aam_s: 30
  type: aam
model_type: fastresnet
preprocessor:
  feature_size: 80
  type: mel_spec
reset_parts: []
speaker_number: null

2021-07-29 12:43:01,310 - INFO - 
*********************************
Training options
*********************************

2021-07-29 12:43:01,311 - INFO - best_model_name: models/best_model_2s_cuda_0.pt
checkpoint_frequency: 10
clipping: false
compute_test_eer: true
deterministic: false
epochs: 1000
log_file: logs/training_resnet_0.log
log_interval: 461
lr: 0.001
mixed_precision: true
multi_gpu: false
num_cpu: 5
numpy_seed: 0
optimizer:
  options: null
  type: adam
patience: 100
random_seed: 0
scheduler:
  options: null
  type: CyclicLR
tmp_model_name: models/tmp_model_2s_cuda_0.pt
torch_seed: 0
validation_frequency: 1

2021-07-29 12:44:26,606 - INFO - 
*********************************
Dataset options
*********************************

2021-07-29 12:44:26,609 - INFO - batch_size: 256
data_file_extension: .wav
data_path: /ssd/data/VoxCeleb/vox2_dev_wav/wav
dataset_csv: data/voxceleb2_dev_fixed_half1.csv
sample_rate: 16000
stratify: false
test:
  data_path: /ssd/data/VoxCeleb/vox1_test_wav/wav
  idmap: h5f/vox1_test_cleaned_idmap.h5
  key: h5f/vox1_test_cleaned_key.h5
  ndx: h5f/vox1_test_cleaned_ndx.h5
train:
  chunk_per_segment: -1
  duration: 2
  overlap: 2
  sampler:
    augmentation_replica: 1
    examples_per_speaker: 1
    samples_per_speaker: 256
  transform_number: 1
  transformation:
    add_noise:
      data_path: /ssd/data/musan_original
      noise_db_csv: data/musan_original.csv
    add_reverb:
      data_path: /ssd/data/simulated_rirs
      rir_db_csv: data/simulated_rirs.csv
    pipeline: add_reverb,add_noise,phone_filtering,codec
valid:
  duration: 2
  transformation:
    add_noise:
      data_path: /ssd/data/musan_original
      noise_db_csv: data/musan_original.csv
    add_reverb:
      data_path: ''
      noise_db_csv: ''
    pipeline: ''
validation_ratio: 0.02

2021-07-29 12:44:26,609 - INFO - 
*********************************
Model options
*********************************

2021-07-29 12:44:26,610 - INFO - freeze_parts: []
initial_model_name: null
loss:
  aam_margin: 0.2
  aam_s: 30
  type: aam
model_type: fastresnet
preprocessor:
  feature_size: 80
  type: mel_spec
reset_parts: []
speaker_number: null

2021-07-29 12:44:26,610 - INFO - 
*********************************
Training options
*********************************

2021-07-29 12:44:26,612 - INFO - best_model_name: models/best_model_2s_cuda_0.pt
checkpoint_frequency: 10
clipping: false
compute_test_eer: true
deterministic: false
epochs: 1000
log_file: logs/training_resnet_0.log
log_interval: 461
lr: 0.001
mixed_precision: true
multi_gpu: false
num_cpu: 5
numpy_seed: 0
optimizer:
  options: null
  type: adam
patience: 100
random_seed: 0
scheduler:
  options: null
  type: CyclicLR
tmp_model_name: models/tmp_model_2s_cuda_0.pt
torch_seed: 0
validation_frequency: 1

2021-07-29 12:51:40,398 - INFO - 
*********************************
Dataset options
*********************************

2021-07-29 12:51:40,401 - INFO - batch_size: 256
data_file_extension: .wav
data_path: /ssd/data/VoxCeleb/vox2_dev_wav/wav
dataset_csv: data/voxceleb2_dev_fixed_half1.csv
sample_rate: 16000
stratify: false
test:
  data_path: /ssd/data/VoxCeleb/vox1_test_wav/wav
  idmap: h5f/vox1_test_cleaned_idmap.h5
  key: h5f/vox1_test_cleaned_key.h5
  ndx: h5f/vox1_test_cleaned_ndx.h5
train:
  chunk_per_segment: -1
  duration: 2
  overlap: 2
  sampler:
    augmentation_replica: 1
    examples_per_speaker: 1
    samples_per_speaker: 256
  transform_number: 1
  transformation:
    add_noise:
      data_path: /ssd/data/musan_original
      noise_db_csv: data/musan_original.csv
    add_reverb:
      data_path: /ssd/data/simulated_rirs
      rir_db_csv: data/simulated_rirs.csv
    pipeline: add_reverb,add_noise,phone_filtering,codec
valid:
  duration: 2
  transformation:
    add_noise:
      data_path: /ssd/data/musan_original
      noise_db_csv: data/musan_original.csv
    add_reverb:
      data_path: ''
      noise_db_csv: ''
    pipeline: ''
validation_ratio: 0.02

2021-07-29 12:51:40,401 - INFO - 
*********************************
Model options
*********************************

2021-07-29 12:51:40,402 - INFO - freeze_parts: []
initial_model_name: null
loss:
  aam_margin: 0.2
  aam_s: 30
  type: aam
model_type: fastresnet
preprocessor:
  feature_size: 80
  type: mel_spec
reset_parts: []
speaker_number: null

2021-07-29 12:51:40,402 - INFO - 
*********************************
Training options
*********************************

2021-07-29 12:51:40,404 - INFO - best_model_name: models/best_model_2s_cuda_0.pt
checkpoint_frequency: 10
clipping: false
compute_test_eer: true
deterministic: false
epochs: 1000
log_file: logs/training_resnet_0.log
log_interval: 461
lr: 0.001
mixed_precision: true
multi_gpu: false
num_cpu: 5
numpy_seed: 0
optimizer:
  options: null
  type: adam
patience: 100
random_seed: 0
scheduler:
  options: null
  type: CyclicLR
tmp_model_name: models/tmp_model_2s_cuda_0.pt
torch_seed: 0
validation_frequency: 1

2021-07-29 12:53:47,903 - INFO - 
*********************************
Dataset options
*********************************

2021-07-29 12:53:47,906 - INFO - batch_size: 256
data_file_extension: .wav
data_path: /ssd/data/VoxCeleb/vox2_dev_wav/wav
dataset_csv: data/voxceleb2_dev_fixed_half1.csv
sample_rate: 16000
stratify: false
test:
  data_path: /ssd/data/VoxCeleb/vox1_test_wav/wav
  idmap: h5f/vox1_test_cleaned_idmap.h5
  key: h5f/vox1_test_cleaned_key.h5
  ndx: h5f/vox1_test_cleaned_ndx.h5
train:
  chunk_per_segment: -1
  duration: 2
  overlap: 2
  sampler:
    augmentation_replica: 1
    examples_per_speaker: 1
    samples_per_speaker: 256
  transform_number: 1
  transformation:
    add_noise:
      data_path: /ssd/data/musan_original
      noise_db_csv: data/musan_original.csv
    add_reverb:
      data_path: /ssd/data/simulated_rirs
      rir_db_csv: data/simulated_rirs.csv
    pipeline: add_reverb,add_noise,phone_filtering,codec
valid:
  duration: 2
  transformation:
    add_noise:
      data_path: /ssd/data/musan_original
      noise_db_csv: data/musan_original.csv
    add_reverb:
      data_path: ''
      noise_db_csv: ''
    pipeline: ''
validation_ratio: 0.02

2021-07-29 12:53:47,906 - INFO - 
*********************************
Model options
*********************************

2021-07-29 12:53:47,907 - INFO - freeze_parts: []
initial_model_name: null
loss:
  aam_margin: 0.2
  aam_s: 30
  type: aam
model_type: fastresnet
preprocessor:
  feature_size: 80
  type: mel_spec
reset_parts: []
speaker_number: null

2021-07-29 12:53:47,907 - INFO - 
*********************************
Training options
*********************************

2021-07-29 12:53:47,909 - INFO - best_model_name: models/best_model_2s_cuda_0.pt
checkpoint_frequency: 10
clipping: false
compute_test_eer: true
deterministic: false
epochs: 1000
log_file: logs/training_resnet_0.log
log_interval: 461
lr: 0.001
mixed_precision: true
multi_gpu: false
num_cpu: 5
numpy_seed: 0
optimizer:
  options: null
  type: adam
patience: 100
random_seed: 0
scheduler:
  options: null
  type: CyclicLR
tmp_model_name: models/tmp_model_2s_cuda_0.pt
torch_seed: 0
validation_frequency: 1

2021-07-29 12:56:55,661 - INFO - 
*********************************
Dataset options
*********************************

2021-07-29 12:56:55,664 - INFO - batch_size: 256
data_file_extension: .wav
data_path: /ssd/data/VoxCeleb/vox2_dev_wav/wav
dataset_csv: data/voxceleb2_dev_fixed_half1.csv
sample_rate: 16000
stratify: false
test:
  data_path: /ssd/data/VoxCeleb/vox1_test_wav/wav
  idmap: h5f/vox1_test_cleaned_idmap.h5
  key: h5f/vox1_test_cleaned_key.h5
  ndx: h5f/vox1_test_cleaned_ndx.h5
train:
  chunk_per_segment: -1
  duration: 2
  overlap: 2
  sampler:
    augmentation_replica: 1
    examples_per_speaker: 1
    samples_per_speaker: 256
  transform_number: 1
  transformation:
    add_noise:
      data_path: /ssd/data/musan_original
      noise_db_csv: data/musan_original.csv
    add_reverb:
      data_path: /ssd/data/simulated_rirs
      rir_db_csv: data/simulated_rirs.csv
    pipeline: add_reverb,add_noise,phone_filtering,codec
valid:
  duration: 2
  transformation:
    add_noise:
      data_path: /ssd/data/musan_original
      noise_db_csv: data/musan_original.csv
    add_reverb:
      data_path: ''
      noise_db_csv: ''
    pipeline: ''
validation_ratio: 0.02

2021-07-29 12:56:55,664 - INFO - 
*********************************
Model options
*********************************

2021-07-29 12:56:55,665 - INFO - freeze_parts: []
initial_model_name: null
loss:
  aam_margin: 0.2
  aam_s: 30
  type: aam
model_type: fastresnet
preprocessor:
  feature_size: 80
  type: mel_spec
reset_parts: []
speaker_number: null

2021-07-29 12:56:55,665 - INFO - 
*********************************
Training options
*********************************

2021-07-29 12:56:55,667 - INFO - best_model_name: models/best_model_2s_cuda_0.pt
checkpoint_frequency: 10
clipping: false
compute_test_eer: true
deterministic: false
epochs: 1000
log_file: logs/training_resnet_0.log
log_interval: 461
lr: 0.001
mixed_precision: true
multi_gpu: false
num_cpu: 5
numpy_seed: 0
optimizer:
  options: null
  type: adam
patience: 100
random_seed: 0
scheduler:
  options: null
  type: CyclicLR
tmp_model_name: models/tmp_model_2s_cuda_0.pt
torch_seed: 0
validation_frequency: 1

2021-07-29 13:04:16,765 - INFO - 
*********************************
Dataset options
*********************************

2021-07-29 13:04:16,768 - INFO - batch_size: 256
data_file_extension: .wav
data_path: /ssd/data/VoxCeleb/vox2_dev_wav/wav
dataset_csv: data/voxceleb2_dev_fixed_half1.csv
sample_rate: 16000
stratify: false
test:
  data_path: /ssd/data/VoxCeleb/vox1_test_wav/wav
  idmap: h5f/vox1_test_cleaned_idmap.h5
  key: h5f/vox1_test_cleaned_key.h5
  ndx: h5f/vox1_test_cleaned_ndx.h5
train:
  chunk_per_segment: -1
  duration: 2
  overlap: 2
  sampler:
    augmentation_replica: 1
    examples_per_speaker: 1
    samples_per_speaker: 256
  transform_number: 1
  transformation:
    add_noise:
      data_path: /ssd/data/musan_original
      noise_db_csv: data/musan_original.csv
    add_reverb:
      data_path: /ssd/data/simulated_rirs
      rir_db_csv: data/simulated_rirs.csv
    pipeline: add_reverb,add_noise,phone_filtering,codec
valid:
  duration: 2
  transformation:
    add_noise:
      data_path: /ssd/data/musan_original
      noise_db_csv: data/musan_original.csv
    add_reverb:
      data_path: ''
      noise_db_csv: ''
    pipeline: ''
validation_ratio: 0.02

2021-07-29 13:04:16,768 - INFO - 
*********************************
Model options
*********************************

2021-07-29 13:04:16,769 - INFO - freeze_parts: []
initial_model_name: null
loss:
  aam_margin: 0.2
  aam_s: 30
  type: aam
model_type: fastresnet
preprocessor:
  feature_size: 80
  type: mel_spec
reset_parts: []
speaker_number: null

2021-07-29 13:04:16,769 - INFO - 
*********************************
Training options
*********************************

2021-07-29 13:04:16,770 - INFO - best_model_name: models/best_model_2s_cuda_0.pt
checkpoint_frequency: 10
clipping: false
compute_test_eer: true
deterministic: false
epochs: 1000
log_file: logs/training_resnet_0.log
log_interval: 461
lr: 0.001
mixed_precision: true
multi_gpu: false
num_cpu: 5
numpy_seed: 0
optimizer:
  options: null
  type: adam
patience: 100
random_seed: 0
scheduler:
  options: null
  type: CyclicLR
tmp_model_name: models/tmp_model_2s_cuda_0.pt
torch_seed: 0
validation_frequency: 1

2021-07-29 13:04:51,084 - INFO - 
*********************************
Dataset options
*********************************

2021-07-29 13:04:51,087 - INFO - batch_size: 256
data_file_extension: .wav
data_path: /ssd/data/VoxCeleb/vox2_dev_wav/wav
dataset_csv: data/voxceleb2_dev_fixed_half1.csv
sample_rate: 16000
stratify: false
test:
  data_path: /ssd/data/VoxCeleb/vox1_test_wav/wav
  idmap: h5f/vox1_test_cleaned_idmap.h5
  key: h5f/vox1_test_cleaned_key.h5
  ndx: h5f/vox1_test_cleaned_ndx.h5
train:
  chunk_per_segment: -1
  duration: 2
  overlap: 2
  sampler:
    augmentation_replica: 1
    examples_per_speaker: 1
    samples_per_speaker: 256
  transform_number: 1
  transformation:
    add_noise:
      data_path: /ssd/data/musan_original
      noise_db_csv: data/musan_original.csv
    add_reverb:
      data_path: /ssd/data/simulated_rirs
      rir_db_csv: data/simulated_rirs.csv
    pipeline: add_reverb,add_noise,phone_filtering,codec
valid:
  duration: 2
  transformation:
    add_noise:
      data_path: /ssd/data/musan_original
      noise_db_csv: data/musan_original.csv
    add_reverb:
      data_path: ''
      noise_db_csv: ''
    pipeline: ''
validation_ratio: 0.02

2021-07-29 13:04:51,087 - INFO - 
*********************************
Model options
*********************************

2021-07-29 13:04:51,088 - INFO - freeze_parts: []
initial_model_name: null
loss:
  aam_margin: O.2
  aam_s: 30
  type: aam
model_type: halfresnet34
preprocessor:
  feature_size: 80
  type: mel_spec
reset_parts: []
speaker_number: 2997

2021-07-29 13:04:51,088 - INFO - 
*********************************
Training options
*********************************

2021-07-29 13:04:51,090 - INFO - best_model_name: models/best_model_2s_cuda_0.pt
checkpoint_frequency: 10
clipping: false
compute_test_eer: true
deterministic: false
epochs: 1000
log_file: logs/training_resnet_0.log
log_interval: 461
lr: 0.001
mixed_precision: true
multi_gpu: false
num_cpu: 5
numpy_seed: 0
optimizer:
  options: null
  type: adam
patience: 100
random_seed: 0
scheduler:
  options: null
  type: CyclicLR
tmp_model_name: models/tmp_model_2s_cuda_0.pt
torch_seed: 0
validation_frequency: 1

2021-07-29 13:07:02,832 - INFO - 
*********************************
Dataset options
*********************************

2021-07-29 13:07:02,835 - INFO - batch_size: 256
data_file_extension: .wav
data_path: /ssd/data/VoxCeleb/vox2_dev_wav/wav
dataset_csv: data/voxceleb2_dev_fixed_half1.csv
sample_rate: 16000
stratify: false
test:
  data_path: /ssd/data/VoxCeleb/vox1_test_wav/wav
  idmap: h5f/vox1_test_cleaned_idmap.h5
  key: h5f/vox1_test_cleaned_key.h5
  ndx: h5f/vox1_test_cleaned_ndx.h5
train:
  chunk_per_segment: -1
  duration: 2
  overlap: 2
  sampler:
    augmentation_replica: 1
    examples_per_speaker: 1
    samples_per_speaker: 256
  transform_number: 1
  transformation:
    add_noise:
      data_path: /ssd/data/musan_original
      noise_db_csv: data/musan_original.csv
    add_reverb:
      data_path: /ssd/data/simulated_rirs
      rir_db_csv: data/simulated_rirs.csv
    pipeline: add_reverb,add_noise,phone_filtering,codec
valid:
  duration: 2
  transformation:
    add_noise:
      data_path: /ssd/data/musan_original
      noise_db_csv: data/musan_original.csv
    add_reverb:
      data_path: ''
      noise_db_csv: ''
    pipeline: ''
validation_ratio: 0.02

2021-07-29 13:07:02,835 - INFO - 
*********************************
Model options
*********************************

2021-07-29 13:07:02,836 - INFO - freeze_parts: []
initial_model_name: null
loss:
  aam_margin: O.2
  aam_s: 30
  type: aam
model_type: halfresnet34
preprocessor:
  feature_size: 80
  type: mel_spec
reset_parts: []
speaker_number: 2997

2021-07-29 13:07:02,836 - INFO - 
*********************************
Training options
*********************************

2021-07-29 13:07:02,837 - INFO - best_model_name: models/best_model_2s_cuda_0.pt
checkpoint_frequency: 10
clipping: false
compute_test_eer: true
deterministic: false
epochs: 1000
log_file: logs/training_resnet_0.log
log_interval: 461
lr: 0.001
mixed_precision: true
multi_gpu: false
num_cpu: 5
numpy_seed: 0
optimizer:
  options: null
  type: adam
patience: 100
random_seed: 0
scheduler:
  options: null
  type: CyclicLR
tmp_model_name: models/tmp_model_2s_cuda_0.pt
torch_seed: 0
validation_frequency: 1

2021-07-29 13:11:40,269 - INFO - 
*********************************
Dataset options
*********************************

2021-07-29 13:11:40,271 - INFO - batch_size: 256
data_file_extension: .wav
data_path: /ssd/data/VoxCeleb/vox2_dev_wav/wav
dataset_csv: data/voxceleb2_dev_fixed_half1.csv
sample_rate: 16000
stratify: false
test:
  data_path: /ssd/data/VoxCeleb/vox1_test_wav/wav
  idmap: h5f/vox1_test_cleaned_idmap.h5
  key: h5f/vox1_test_cleaned_key.h5
  ndx: h5f/vox1_test_cleaned_ndx.h5
train:
  chunk_per_segment: -1
  duration: 2
  overlap: 2
  sampler:
    augmentation_replica: 1
    examples_per_speaker: 1
    samples_per_speaker: 256
  transform_number: 1
  transformation:
    add_noise:
      data_path: /ssd/data/musan_original
      noise_db_csv: data/musan_original.csv
    add_reverb:
      data_path: /ssd/data/simulated_rirs
      rir_db_csv: data/simulated_rirs.csv
    pipeline: add_reverb,add_noise,phone_filtering,codec
valid:
  duration: 2
  transformation:
    add_noise:
      data_path: /ssd/data/musan_original
      noise_db_csv: data/musan_original.csv
    add_reverb:
      data_path: ''
      noise_db_csv: ''
    pipeline: ''
validation_ratio: 0.02

2021-07-29 13:11:40,271 - INFO - 
*********************************
Model options
*********************************

2021-07-29 13:11:40,272 - INFO - freeze_parts: []
initial_model_name: null
loss:
  aam_margin: O.2
  aam_s: 30
  type: aam
model_type: halfresnet34
preprocessor:
  feature_size: 80
  type: mel_spec
reset_parts: []
speaker_number: 2997

2021-07-29 13:11:40,272 - INFO - 
*********************************
Training options
*********************************

2021-07-29 13:11:40,274 - INFO - best_model_name: models/best_model_2s_cuda_0.pt
checkpoint_frequency: 10
clipping: false
compute_test_eer: true
deterministic: false
epochs: 1000
log_file: logs/training_resnet_0.log
log_interval: 461
lr: 0.001
mixed_precision: true
multi_gpu: false
num_cpu: 5
numpy_seed: 0
optimizer:
  options: null
  type: adam
patience: 100
random_seed: 0
scheduler:
  options: null
  type: CyclicLR
tmp_model_name: models/tmp_model_2s_cuda_0.pt
torch_seed: 0
validation_frequency: 1

2021-07-29 13:12:18,832 - INFO - 
*********************************
Dataset options
*********************************

2021-07-29 13:12:18,835 - INFO - batch_size: 256
data_file_extension: .wav
data_path: /ssd/data/VoxCeleb/vox2_dev_wav/wav
dataset_csv: data/voxceleb2_dev_fixed_half1.csv
sample_rate: 16000
stratify: false
test:
  data_path: /ssd/data/VoxCeleb/vox1_test_wav/wav
  idmap: h5f/vox1_test_cleaned_idmap.h5
  key: h5f/vox1_test_cleaned_key.h5
  ndx: h5f/vox1_test_cleaned_ndx.h5
train:
  chunk_per_segment: -1
  duration: 2
  overlap: 2
  sampler:
    augmentation_replica: 1
    examples_per_speaker: 1
    samples_per_speaker: 256
  transform_number: 1
  transformation:
    add_noise:
      data_path: /ssd/data/musan_original
      noise_db_csv: data/musan_original.csv
    add_reverb:
      data_path: /ssd/data/simulated_rirs
      rir_db_csv: data/simulated_rirs.csv
    pipeline: add_reverb,add_noise,phone_filtering,codec
valid:
  duration: 2
  transformation:
    add_noise:
      data_path: /ssd/data/musan_original
      noise_db_csv: data/musan_original.csv
    add_reverb:
      data_path: ''
      noise_db_csv: ''
    pipeline: ''
validation_ratio: 0.02

2021-07-29 13:12:18,835 - INFO - 
*********************************
Model options
*********************************

2021-07-29 13:12:18,836 - INFO - freeze_parts: []
initial_model_name: null
loss:
  aam_margin: O.2
  aam_s: 30
  type: aam
model_type: halfresnet34
preprocessor:
  feature_size: 80
  type: mel_spec
reset_parts: []
speaker_number: 2997

2021-07-29 13:12:18,836 - INFO - 
*********************************
Training options
*********************************

2021-07-29 13:12:18,837 - INFO - best_model_name: models/best_model_2s_cuda_0.pt
checkpoint_frequency: 10
clipping: false
compute_test_eer: true
deterministic: false
epochs: 1000
log_file: logs/training_resnet_0.log
log_interval: 461
lr: 0.001
mixed_precision: true
multi_gpu: false
num_cpu: 5
numpy_seed: 0
optimizer:
  options: null
  type: adam
patience: 100
random_seed: 0
scheduler:
  options: null
  type: CyclicLR
tmp_model_name: models/tmp_model_2s_cuda_0.pt
torch_seed: 0
validation_frequency: 1

2021-07-29 13:15:52,492 - INFO - 
*********************************
Dataset options
*********************************

2021-07-29 13:15:52,495 - INFO - batch_size: 256
data_file_extension: .wav
data_path: /ssd/data/VoxCeleb/vox2_dev_wav/wav
dataset_csv: data/voxceleb2_dev_fixed_half1.csv
sample_rate: 16000
stratify: false
test:
  data_path: /ssd/data/VoxCeleb/vox1_test_wav/wav
  idmap: h5f/vox1_test_cleaned_idmap.h5
  key: h5f/vox1_test_cleaned_key.h5
  ndx: h5f/vox1_test_cleaned_ndx.h5
train:
  chunk_per_segment: -1
  duration: 2
  overlap: 2
  sampler:
    augmentation_replica: 1
    examples_per_speaker: 1
    samples_per_speaker: 256
  transform_number: 1
  transformation:
    add_noise:
      data_path: /ssd/data/musan_original
      noise_db_csv: data/musan_original.csv
    add_reverb:
      data_path: /ssd/data/simulated_rirs
      rir_db_csv: data/simulated_rirs.csv
    pipeline: add_reverb,add_noise,phone_filtering,codec
valid:
  duration: 2
  transformation:
    add_noise:
      data_path: /ssd/data/musan_original
      noise_db_csv: data/musan_original.csv
    add_reverb:
      data_path: ''
      noise_db_csv: ''
    pipeline: ''
validation_ratio: 0.02

2021-07-29 13:15:52,495 - INFO - 
*********************************
Model options
*********************************

2021-07-29 13:15:52,496 - INFO - freeze_parts: []
initial_model_name: null
loss:
  aam_margin: O.2
  aam_s: 30
  type: aam
model_type: halfresnet34
preprocessor:
  feature_size: 80
  type: mel_spec
reset_parts: []
speaker_number: 2997

2021-07-29 13:15:52,496 - INFO - 
*********************************
Training options
*********************************

2021-07-29 13:15:52,498 - INFO - best_model_name: models/best_model_2s_cuda_0.pt
checkpoint_frequency: 10
clipping: false
compute_test_eer: true
deterministic: false
epochs: 1000
log_file: logs/training_resnet_0.log
log_interval: 461
lr: 0.001
mixed_precision: true
multi_gpu: false
num_cpu: 5
numpy_seed: 0
optimizer:
  options: null
  type: adam
patience: 100
random_seed: 0
scheduler:
  options: null
  type: CyclicLR
tmp_model_name: models/tmp_model_2s_cuda_0.pt
torch_seed: 0
validation_frequency: 1

2021-07-29 13:18:03,107 - INFO - 
*********************************
Dataset options
*********************************

2021-07-29 13:18:03,110 - INFO - batch_size: 256
data_file_extension: .wav
data_path: /ssd/data/VoxCeleb/vox2_dev_wav/wav
dataset_csv: data/voxceleb2_dev_fixed_half1.csv
sample_rate: 16000
stratify: false
test:
  data_path: /ssd/data/VoxCeleb/vox1_test_wav/wav
  idmap: h5f/vox1_test_cleaned_idmap.h5
  key: h5f/vox1_test_cleaned_key.h5
  ndx: h5f/vox1_test_cleaned_ndx.h5
train:
  chunk_per_segment: -1
  duration: 2
  overlap: 2
  sampler:
    augmentation_replica: 1
    examples_per_speaker: 1
    samples_per_speaker: 256
  transform_number: 1
  transformation:
    add_noise:
      data_path: /ssd/data/musan_original
      noise_db_csv: data/musan_original.csv
    add_reverb:
      data_path: /ssd/data/simulated_rirs
      rir_db_csv: data/simulated_rirs.csv
    pipeline: add_reverb,add_noise,phone_filtering,codec
valid:
  duration: 2
  transformation:
    add_noise:
      data_path: /ssd/data/musan_original
      noise_db_csv: data/musan_original.csv
    add_reverb:
      data_path: ''
      noise_db_csv: ''
    pipeline: ''
validation_ratio: 0.02

2021-07-29 13:18:03,110 - INFO - 
*********************************
Model options
*********************************

2021-07-29 13:18:03,111 - INFO - freeze_parts: []
initial_model_name: null
loss:
  aam_margin: O.2
  aam_s: 30
  type: aam
model_type: halfresnet34
preprocessor:
  feature_size: 80
  type: mel_spec
reset_parts: []
speaker_number: 2997

2021-07-29 13:18:03,111 - INFO - 
*********************************
Training options
*********************************

2021-07-29 13:18:03,112 - INFO - best_model_name: models/best_model_2s_cuda_0.pt
checkpoint_frequency: 10
clipping: false
compute_test_eer: true
deterministic: false
epochs: 1000
log_file: logs/training_resnet_0.log
log_interval: 461
lr: 0.001
mixed_precision: true
multi_gpu: false
num_cpu: 5
numpy_seed: 0
optimizer:
  options: null
  type: adam
patience: 100
random_seed: 0
scheduler:
  options: null
  type: CyclicLR
tmp_model_name: models/tmp_model_2s_cuda_0.pt
torch_seed: 0
validation_frequency: 1

2021-07-29 13:19:10,552 - INFO - 
*********************************
Dataset options
*********************************

2021-07-29 13:19:10,555 - INFO - batch_size: 256
data_file_extension: .wav
data_path: /ssd/data/VoxCeleb/vox2_dev_wav/wav
dataset_csv: data/voxceleb2_dev_fixed_half1.csv
sample_rate: 16000
stratify: false
test:
  data_path: /ssd/data/VoxCeleb/vox1_test_wav/wav
  idmap: h5f/vox1_test_cleaned_idmap.h5
  key: h5f/vox1_test_cleaned_key.h5
  ndx: h5f/vox1_test_cleaned_ndx.h5
train:
  chunk_per_segment: -1
  duration: 2
  overlap: 2
  sampler:
    augmentation_replica: 1
    examples_per_speaker: 1
    samples_per_speaker: 256
  transform_number: 1
  transformation:
    add_noise:
      data_path: /ssd/data/musan_original
      noise_db_csv: data/musan_original.csv
    add_reverb:
      data_path: /ssd/data/simulated_rirs
      rir_db_csv: data/simulated_rirs.csv
    pipeline: add_reverb,add_noise,phone_filtering,codec
valid:
  duration: 2
  transformation:
    add_noise:
      data_path: /ssd/data/musan_original
      noise_db_csv: data/musan_original.csv
    add_reverb:
      data_path: ''
      noise_db_csv: ''
    pipeline: ''
validation_ratio: 0.02

2021-07-29 13:19:10,555 - INFO - 
*********************************
Model options
*********************************

2021-07-29 13:19:10,556 - INFO - freeze_parts: []
initial_model_name: null
loss:
  aam_margin: O.2
  aam_s: 30
  type: aam
model_type: halfresnet34
preprocessor:
  feature_size: 80
  type: mel_spec
reset_parts: []
speaker_number: 2997

2021-07-29 13:19:10,556 - INFO - 
*********************************
Training options
*********************************

2021-07-29 13:19:10,557 - INFO - best_model_name: models/best_model_2s_cuda_0.pt
checkpoint_frequency: 10
clipping: false
compute_test_eer: true
deterministic: false
epochs: 1000
log_file: logs/training_resnet_0.log
log_interval: 461
lr: 0.001
mixed_precision: true
multi_gpu: false
num_cpu: 5
numpy_seed: 0
optimizer:
  options: null
  type: adam
patience: 100
random_seed: 0
scheduler:
  options: null
  type: CyclicLR
tmp_model_name: models/tmp_model_2s_cuda_0.pt
torch_seed: 0
validation_frequency: 1

2021-07-29 13:20:36,690 - INFO - 
*********************************
Dataset options
*********************************

2021-07-29 13:20:36,693 - INFO - batch_size: 256
data_file_extension: .wav
data_path: /ssd/data/VoxCeleb/vox2_dev_wav/wav
dataset_csv: data/voxceleb2_dev_fixed_half1.csv
sample_rate: 16000
stratify: false
test:
  data_path: /ssd/data/VoxCeleb/vox1_test_wav/wav
  idmap: h5f/vox1_test_cleaned_idmap.h5
  key: h5f/vox1_test_cleaned_key.h5
  ndx: h5f/vox1_test_cleaned_ndx.h5
train:
  chunk_per_segment: -1
  duration: 2
  overlap: 2
  sampler:
    augmentation_replica: 1
    examples_per_speaker: 1
    samples_per_speaker: 256
  transform_number: 1
  transformation:
    add_noise:
      data_path: /ssd/data/musan_original
      noise_db_csv: data/musan_original.csv
    add_reverb:
      data_path: /ssd/data/simulated_rirs
      rir_db_csv: data/simulated_rirs.csv
    pipeline: add_reverb,add_noise,phone_filtering,codec
valid:
  duration: 2
  transformation:
    add_noise:
      data_path: /ssd/data/musan_original
      noise_db_csv: data/musan_original.csv
    add_reverb:
      data_path: ''
      noise_db_csv: ''
    pipeline: ''
validation_ratio: 0.02

2021-07-29 13:20:36,693 - INFO - 
*********************************
Model options
*********************************

2021-07-29 13:20:36,694 - INFO - freeze_parts: []
initial_model_name: null
loss:
  aam_margin: O.2
  aam_s: 30
  type: aam
model_type: halfresnet34
preprocessor:
  feature_size: 80
  type: mel_spec
reset_parts: []
speaker_number: 2997

2021-07-29 13:20:36,694 - INFO - 
*********************************
Training options
*********************************

2021-07-29 13:20:36,696 - INFO - best_model_name: models/best_model_2s_cuda_0.pt
checkpoint_frequency: 10
clipping: false
compute_test_eer: true
deterministic: false
epochs: 1000
log_file: logs/training_resnet_0.log
log_interval: 461
lr: 0.001
mixed_precision: true
multi_gpu: false
num_cpu: 5
numpy_seed: 0
optimizer:
  options: null
  type: adam
patience: 100
random_seed: 0
scheduler:
  options: null
  type: CyclicLR
tmp_model_name: models/tmp_model_2s_cuda_0.pt
torch_seed: 0
validation_frequency: 1

2021-07-29 13:22:44,834 - INFO - 
*********************************
Dataset options
*********************************

2021-07-29 13:22:44,837 - INFO - batch_size: 256
data_file_extension: .wav
data_path: /ssd/data/VoxCeleb/vox2_dev_wav/wav
dataset_csv: data/voxceleb2_dev_fixed_half1.csv
sample_rate: 16000
stratify: false
test:
  data_path: /ssd/data/VoxCeleb/vox1_test_wav/wav
  idmap: h5f/vox1_test_cleaned_idmap.h5
  key: h5f/vox1_test_cleaned_key.h5
  ndx: h5f/vox1_test_cleaned_ndx.h5
train:
  chunk_per_segment: -1
  duration: 2
  overlap: 2
  sampler:
    augmentation_replica: 1
    examples_per_speaker: 1
    samples_per_speaker: 256
  transform_number: 1
  transformation:
    add_noise:
      data_path: /ssd/data/musan_original
      noise_db_csv: data/musan_original.csv
    add_reverb:
      data_path: /ssd/data/simulated_rirs
      rir_db_csv: data/simulated_rirs.csv
    pipeline: add_reverb,add_noise,phone_filtering,codec
valid:
  duration: 2
  transformation:
    add_noise:
      data_path: /ssd/data/musan_original
      noise_db_csv: data/musan_original.csv
    add_reverb:
      data_path: ''
      noise_db_csv: ''
    pipeline: ''
validation_ratio: 0.02

2021-07-29 13:22:44,837 - INFO - 
*********************************
Model options
*********************************

2021-07-29 13:22:44,838 - INFO - freeze_parts: []
initial_model_name: null
loss:
  aam_margin: O.2
  aam_s: 30
  type: aam
model_type: halfresnet34
preprocessor:
  feature_size: 80
  type: mel_spec
reset_parts: []
speaker_number: 2997

2021-07-29 13:22:44,838 - INFO - 
*********************************
Training options
*********************************

2021-07-29 13:22:44,840 - INFO - best_model_name: models/best_model_2s_cuda_0.pt
checkpoint_frequency: 10
clipping: false
compute_test_eer: true
deterministic: false
epochs: 1000
log_file: logs/training_resnet_0.log
log_interval: 461
lr: 0.001
mixed_precision: true
multi_gpu: false
num_cpu: 5
numpy_seed: 0
optimizer:
  options: null
  type: adam
patience: 100
random_seed: 0
scheduler:
  options: null
  type: CyclicLR
tmp_model_name: models/tmp_model_2s_cuda_0.pt
torch_seed: 0
validation_frequency: 1

2021-07-29 13:28:08,005 - INFO - 
*********************************
Dataset options
*********************************

2021-07-29 13:28:08,008 - INFO - batch_size: 256
data_file_extension: .wav
data_path: /ssd/data/VoxCeleb/vox2_dev_wav/wav
dataset_csv: data/voxceleb2_dev_fixed_half1.csv
sample_rate: 16000
stratify: false
test:
  data_path: /ssd/data/VoxCeleb/vox1_test_wav/wav
  idmap: h5f/vox1_test_cleaned_idmap.h5
  key: h5f/vox1_test_cleaned_key.h5
  ndx: h5f/vox1_test_cleaned_ndx.h5
train:
  chunk_per_segment: -1
  duration: 2
  overlap: 2
  sampler:
    augmentation_replica: 1
    examples_per_speaker: 1
    samples_per_speaker: 256
  transform_number: 1
  transformation:
    add_noise:
      data_path: /ssd/data/musan_original
      noise_db_csv: data/musan_original.csv
    add_reverb:
      data_path: /ssd/data/simulated_rirs
      rir_db_csv: data/simulated_rirs.csv
    pipeline: add_reverb,add_noise,phone_filtering,codec
valid:
  duration: 2
  transformation:
    add_noise:
      data_path: /ssd/data/musan_original
      noise_db_csv: data/musan_original.csv
    add_reverb:
      data_path: ''
      noise_db_csv: ''
    pipeline: ''
validation_ratio: 0.02

2021-07-29 13:28:08,008 - INFO - 
*********************************
Model options
*********************************

2021-07-29 13:28:08,009 - INFO - freeze_parts: []
initial_model_name: null
loss:
  aam_margin: O.2
  aam_s: 30
  type: aam
model_type: halfresnet34
preprocessor:
  feature_size: 80
  type: mel_spec
reset_parts: []
speaker_number: 2997

2021-07-29 13:28:08,009 - INFO - 
*********************************
Training options
*********************************

2021-07-29 13:28:08,010 - INFO - best_model_name: models/best_model_2s_cuda_0.pt
checkpoint_frequency: 10
clipping: false
compute_test_eer: true
deterministic: false
epochs: 1000
log_file: logs/training_resnet_0.log
log_interval: 461
lr: 0.001
mixed_precision: true
multi_gpu: false
num_cpu: 5
numpy_seed: 0
optimizer:
  options: null
  type: adam
patience: 100
random_seed: 0
scheduler:
  options: null
  type: CyclicLR
tmp_model_name: models/tmp_model_2s_cuda_0.pt
torch_seed: 0
validation_frequency: 1

2021-07-29 13:33:37,961 - INFO - 
*********************************
Dataset options
*********************************

2021-07-29 13:33:37,964 - INFO - batch_size: 256
data_file_extension: .wav
data_path: /ssd/data/VoxCeleb/vox2_dev_wav/wav
dataset_csv: data/voxceleb2_dev_fixed_half1.csv
sample_rate: 16000
stratify: false
test:
  data_path: /ssd/data/VoxCeleb/vox1_test_wav/wav
  idmap: h5f/vox1_test_cleaned_idmap.h5
  key: h5f/vox1_test_cleaned_key.h5
  ndx: h5f/vox1_test_cleaned_ndx.h5
train:
  chunk_per_segment: -1
  duration: 2
  overlap: 2
  sampler:
    augmentation_replica: 1
    examples_per_speaker: 1
    samples_per_speaker: 256
  transform_number: 1
  transformation:
    add_noise:
      data_path: /ssd/data/musan_original
      noise_db_csv: data/musan_original.csv
    add_reverb:
      data_path: /ssd/data/simulated_rirs
      rir_db_csv: data/simulated_rirs.csv
    pipeline: add_reverb,add_noise,phone_filtering,codec
valid:
  duration: 2
  transformation:
    add_noise:
      data_path: /ssd/data/musan_original
      noise_db_csv: data/musan_original.csv
    add_reverb:
      data_path: ''
      noise_db_csv: ''
    pipeline: ''
validation_ratio: 0.02

2021-07-29 13:33:37,964 - INFO - 
*********************************
Model options
*********************************

2021-07-29 13:33:37,965 - INFO - freeze_parts: []
initial_model_name: null
loss:
  aam_margin: O.2
  aam_s: 30
  type: aam
model_type: halfresnet34
preprocessor:
  feature_size: 80
  type: mel_spec
reset_parts: []
speaker_number: 5994

2021-07-29 13:33:37,965 - INFO - 
*********************************
Training options
*********************************

2021-07-29 13:33:37,966 - INFO - best_model_name: models/best_model_2s_cuda_0.pt
checkpoint_frequency: 10
clipping: false
compute_test_eer: true
deterministic: false
epochs: 1000
log_file: logs/training_resnet_0.log
log_interval: 461
lr: 0.001
mixed_precision: true
multi_gpu: false
num_cpu: 5
numpy_seed: 0
optimizer:
  options: null
  type: adam
patience: 100
random_seed: 0
scheduler:
  options: null
  type: CyclicLR
tmp_model_name: models/tmp_model_2s_cuda_0.pt
torch_seed: 0
validation_frequency: 1

2021-07-29 13:34:01,346 - INFO - 
*********************************
Dataset options
*********************************

2021-07-29 13:34:01,349 - INFO - batch_size: 256
data_file_extension: .wav
data_path: /ssd/data/VoxCeleb/vox2_dev_wav/wav
dataset_csv: data/voxceleb2_dev_fixed_half1.csv
sample_rate: 16000
stratify: false
test:
  data_path: /ssd/data/VoxCeleb/vox1_test_wav/wav
  idmap: h5f/vox1_test_cleaned_idmap.h5
  key: h5f/vox1_test_cleaned_key.h5
  ndx: h5f/vox1_test_cleaned_ndx.h5
train:
  chunk_per_segment: -1
  duration: 2
  overlap: 2
  sampler:
    augmentation_replica: 1
    examples_per_speaker: 1
    samples_per_speaker: 256
  transform_number: 1
  transformation:
    add_noise:
      data_path: /ssd/data/musan_original
      noise_db_csv: data/musan_original.csv
    add_reverb:
      data_path: /ssd/data/simulated_rirs
      rir_db_csv: data/simulated_rirs.csv
    pipeline: add_reverb,add_noise,phone_filtering,codec
valid:
  duration: 2
  transformation:
    add_noise:
      data_path: /ssd/data/musan_original
      noise_db_csv: data/musan_original.csv
    add_reverb:
      data_path: ''
      noise_db_csv: ''
    pipeline: ''
validation_ratio: 0.02

2021-07-29 13:34:01,349 - INFO - 
*********************************
Model options
*********************************

2021-07-29 13:34:01,350 - INFO - freeze_parts: []
initial_model_name: null
loss:
  aam_margin: O.2
  aam_s: 30
  type: aam
model_type: halfresnet34
preprocessor:
  feature_size: 80
  type: mel_spec
reset_parts: []
speaker_number: 5994

2021-07-29 13:34:01,350 - INFO - 
*********************************
Training options
*********************************

2021-07-29 13:34:01,352 - INFO - best_model_name: models/best_model_2s_cuda_0.pt
checkpoint_frequency: 10
clipping: false
compute_test_eer: true
deterministic: false
epochs: 1000
log_file: logs/training_resnet_0.log
log_interval: 461
lr: 0.001
mixed_precision: true
multi_gpu: false
num_cpu: 5
numpy_seed: 0
optimizer:
  options: null
  type: adam
patience: 100
random_seed: 0
scheduler:
  options: null
  type: CyclicLR
tmp_model_name: models/tmp_model_2s_cuda_0.pt
torch_seed: 0
validation_frequency: 1

2021-07-29 13:34:23,739 - INFO - 
*********************************
Dataset options
*********************************

2021-07-29 13:34:23,742 - INFO - batch_size: 256
data_file_extension: .wav
data_path: /ssd/data/VoxCeleb/vox2_dev_wav/wav
dataset_csv: data/voxceleb2_dev_fixed_half1.csv
sample_rate: 16000
stratify: false
test:
  data_path: /ssd/data/VoxCeleb/vox1_test_wav/wav
  idmap: h5f/vox1_test_cleaned_idmap.h5
  key: h5f/vox1_test_cleaned_key.h5
  ndx: h5f/vox1_test_cleaned_ndx.h5
train:
  chunk_per_segment: -1
  duration: 2
  overlap: 2
  sampler:
    augmentation_replica: 1
    examples_per_speaker: 1
    samples_per_speaker: 256
  transform_number: 1
  transformation:
    add_noise:
      data_path: /ssd/data/musan_original
      noise_db_csv: data/musan_original.csv
    add_reverb:
      data_path: /ssd/data/simulated_rirs
      rir_db_csv: data/simulated_rirs.csv
    pipeline: add_reverb,add_noise,phone_filtering,codec
valid:
  duration: 2
  transformation:
    add_noise:
      data_path: /ssd/data/musan_original
      noise_db_csv: data/musan_original.csv
    add_reverb:
      data_path: ''
      noise_db_csv: ''
    pipeline: ''
validation_ratio: 0.02

2021-07-29 13:34:23,742 - INFO - 
*********************************
Model options
*********************************

2021-07-29 13:34:23,743 - INFO - freeze_parts: []
initial_model_name: null
loss:
  aam_margin: O.2
  aam_s: 30
  type: aam
model_type: halfresnet34
preprocessor:
  feature_size: 80
  type: mel_spec
reset_parts: []
speaker_number: 2997

2021-07-29 13:34:23,743 - INFO - 
*********************************
Training options
*********************************

2021-07-29 13:34:23,744 - INFO - best_model_name: models/best_model_2s_cuda_0.pt
checkpoint_frequency: 10
clipping: false
compute_test_eer: true
deterministic: false
epochs: 1000
log_file: logs/training_resnet_0.log
log_interval: 461
lr: 0.001
mixed_precision: true
multi_gpu: false
num_cpu: 5
numpy_seed: 0
optimizer:
  options: null
  type: adam
patience: 100
random_seed: 0
scheduler:
  options: null
  type: CyclicLR
tmp_model_name: models/tmp_model_2s_cuda_0.pt
torch_seed: 0
validation_frequency: 1

2021-07-29 13:35:08,427 - INFO - 
*********************************
Dataset options
*********************************

2021-07-29 13:35:08,429 - INFO - batch_size: 256
data_file_extension: .wav
data_path: /ssd/data/VoxCeleb/vox2_dev_wav/wav
dataset_csv: data/voxceleb2_dev_fixed_half1.csv
sample_rate: 16000
stratify: false
test:
  data_path: /ssd/data/VoxCeleb/vox1_test_wav/wav
  idmap: h5f/vox1_test_cleaned_idmap.h5
  key: h5f/vox1_test_cleaned_key.h5
  ndx: h5f/vox1_test_cleaned_ndx.h5
train:
  chunk_per_segment: -1
  duration: 2
  overlap: 2
  sampler:
    augmentation_replica: 1
    examples_per_speaker: 1
    samples_per_speaker: 256
  transform_number: 1
  transformation:
    add_noise:
      data_path: /ssd/data/musan_original
      noise_db_csv: data/musan_original.csv
    add_reverb:
      data_path: /ssd/data/simulated_rirs
      rir_db_csv: data/simulated_rirs.csv
    pipeline: add_reverb,add_noise,phone_filtering,codec
valid:
  duration: 2
  transformation:
    add_noise:
      data_path: /ssd/data/musan_original
      noise_db_csv: data/musan_original.csv
    add_reverb:
      data_path: ''
      noise_db_csv: ''
    pipeline: ''
validation_ratio: 0.02

2021-07-29 13:35:08,429 - INFO - 
*********************************
Model options
*********************************

2021-07-29 13:35:08,430 - INFO - freeze_parts: []
initial_model_name: null
loss:
  aam_margin: O.2
  aam_s: 30
  type: aam
model_type: halfresnet34
preprocessor:
  feature_size: 80
  type: mel_spec
reset_parts: []
speaker_number: 2997

2021-07-29 13:35:08,430 - INFO - 
*********************************
Training options
*********************************

2021-07-29 13:35:08,432 - INFO - best_model_name: models/best_model_2s_cuda_0.pt
checkpoint_frequency: 10
clipping: false
compute_test_eer: true
deterministic: false
epochs: 1000
log_file: logs/training_resnet_0.log
log_interval: 461
lr: 0.001
mixed_precision: true
multi_gpu: false
num_cpu: 5
numpy_seed: 0
optimizer:
  options: null
  type: adam
patience: 100
random_seed: 0
scheduler:
  options: null
  type: CyclicLR
tmp_model_name: models/tmp_model_2s_cuda_0.pt
torch_seed: 0
validation_frequency: 1

2021-07-29 13:35:26,754 - INFO - 
*********************************
Dataset options
*********************************

2021-07-29 13:35:26,757 - INFO - batch_size: 256
data_file_extension: .wav
data_path: /ssd/data/VoxCeleb/vox2_dev_wav/wav
dataset_csv: data/voxceleb2_dev_fixed_half1.csv
sample_rate: 16000
stratify: false
test:
  data_path: /ssd/data/VoxCeleb/vox1_test_wav/wav
  idmap: h5f/vox1_test_cleaned_idmap.h5
  key: h5f/vox1_test_cleaned_key.h5
  ndx: h5f/vox1_test_cleaned_ndx.h5
train:
  chunk_per_segment: -1
  duration: 2
  overlap: 2
  sampler:
    augmentation_replica: 1
    examples_per_speaker: 1
    samples_per_speaker: 256
  transform_number: 1
  transformation:
    add_noise:
      data_path: /ssd/data/musan_original
      noise_db_csv: data/musan_original.csv
    add_reverb:
      data_path: /ssd/data/simulated_rirs
      rir_db_csv: data/simulated_rirs.csv
    pipeline: add_reverb,add_noise,phone_filtering,codec
valid:
  duration: 2
  transformation:
    add_noise:
      data_path: /ssd/data/musan_original
      noise_db_csv: data/musan_original.csv
    add_reverb:
      data_path: ''
      noise_db_csv: ''
    pipeline: ''
validation_ratio: 0.02

2021-07-29 13:35:26,757 - INFO - 
*********************************
Model options
*********************************

2021-07-29 13:35:26,757 - INFO - freeze_parts: []
initial_model_name: null
loss:
  aam_margin: O.2
  aam_s: 30
  type: aam
model_type: halfresnet34
preprocessor:
  feature_size: 80
  type: mel_spec
reset_parts: []
speaker_number: 2997

2021-07-29 13:35:26,758 - INFO - 
*********************************
Training options
*********************************

2021-07-29 13:35:26,759 - INFO - best_model_name: models/best_model_2s_cuda_0.pt
checkpoint_frequency: 10
clipping: false
compute_test_eer: true
deterministic: false
epochs: 1000
log_file: logs/training_resnet_0.log
log_interval: 461
lr: 0.001
mixed_precision: true
multi_gpu: false
num_cpu: 5
numpy_seed: 0
optimizer:
  options: null
  type: adam
patience: 100
random_seed: 0
scheduler:
  options: null
  type: CyclicLR
tmp_model_name: models/tmp_model_2s_cuda_0.pt
torch_seed: 0
validation_frequency: 1

2021-07-29 13:48:00,604 - INFO - 
*********************************
Dataset options
*********************************

2021-07-29 13:48:00,607 - INFO - batch_size: 256
data_file_extension: .wav
data_path: /ssd/data/VoxCeleb/vox2_dev_wav/wav
dataset_csv: data/voxceleb2_dev_fixed_half1.csv
sample_rate: 16000
stratify: false
test:
  data_path: /ssd/data/VoxCeleb/vox1_test_wav/wav
  idmap: h5f/vox1_test_cleaned_idmap.h5
  key: h5f/vox1_test_cleaned_key.h5
  ndx: h5f/vox1_test_cleaned_ndx.h5
train:
  chunk_per_segment: -1
  duration: 2
  overlap: 2
  sampler:
    augmentation_replica: 1
    examples_per_speaker: 1
    samples_per_speaker: 256
  transform_number: 1
  transformation:
    add_noise:
      data_path: /ssd/data/musan_original
      noise_db_csv: data/musan_original.csv
    add_reverb:
      data_path: /ssd/data/simulated_rirs
      rir_db_csv: data/simulated_rirs.csv
    pipeline: add_reverb,add_noise,phone_filtering,codec
valid:
  duration: 2
  transformation:
    add_noise:
      data_path: /ssd/data/musan_original
      noise_db_csv: data/musan_original.csv
    add_reverb:
      data_path: ''
      noise_db_csv: ''
    pipeline: ''
validation_ratio: 0.02

2021-07-29 13:48:00,607 - INFO - 
*********************************
Model options
*********************************

2021-07-29 13:48:00,608 - INFO - freeze_parts: []
initial_model_name: null
loss:
  aam_margin: O.2
  aam_s: 30
  type: aam
model_type: halfresnet34
preprocessor:
  feature_size: 80
  type: mel_spec
reset_parts: []
speaker_number: 2997

2021-07-29 13:48:00,608 - INFO - 
*********************************
Training options
*********************************

2021-07-29 13:48:00,610 - INFO - best_model_name: models/best_model_2s_cuda_0.pt
checkpoint_frequency: 10
clipping: false
compute_test_eer: true
deterministic: false
epochs: 1000
log_file: logs/training_resnet_0.log
log_interval: 461
lr: 0.001
mixed_precision: true
multi_gpu: false
num_cpu: 5
numpy_seed: 0
optimizer:
  options: null
  type: adam
patience: 100
random_seed: 0
scheduler:
  options: null
  type: CyclicLR
tmp_model_name: models/tmp_model_2s_cuda_0.pt
torch_seed: 0
validation_frequency: 1

2021-07-29 13:48:22,914 - INFO - 
*********************************
Dataset options
*********************************

2021-07-29 13:48:22,917 - INFO - batch_size: 256
data_file_extension: .wav
data_path: /ssd/data/VoxCeleb/vox2_dev_wav/wav
dataset_csv: data/voxceleb2_dev_fixed_half1.csv
sample_rate: 16000
stratify: false
test:
  data_path: /ssd/data/VoxCeleb/vox1_test_wav/wav
  idmap: h5f/vox1_test_cleaned_idmap.h5
  key: h5f/vox1_test_cleaned_key.h5
  ndx: h5f/vox1_test_cleaned_ndx.h5
train:
  chunk_per_segment: -1
  duration: 2
  overlap: 2
  sampler:
    augmentation_replica: 1
    examples_per_speaker: 1
    samples_per_speaker: 256
  transform_number: 1
  transformation:
    add_noise:
      data_path: /ssd/data/musan_original
      noise_db_csv: data/musan_original.csv
    add_reverb:
      data_path: /ssd/data/simulated_rirs
      rir_db_csv: data/simulated_rirs.csv
    pipeline: add_reverb,add_noise,phone_filtering,codec
valid:
  duration: 2
  transformation:
    add_noise:
      data_path: /ssd/data/musan_original
      noise_db_csv: data/musan_original.csv
    add_reverb:
      data_path: ''
      noise_db_csv: ''
    pipeline: ''
validation_ratio: 0.02

2021-07-29 13:48:22,917 - INFO - 
*********************************
Model options
*********************************

2021-07-29 13:48:22,918 - INFO - freeze_parts: []
initial_model_name: null
loss:
  aam_margin: O.2
  aam_s: 30
  type: aam
model_type: halfresnet34
preprocessor:
  feature_size: 80
  type: mel_spec
reset_parts: []
speaker_number: 2997

2021-07-29 13:48:22,918 - INFO - 
*********************************
Training options
*********************************

2021-07-29 13:48:22,920 - INFO - best_model_name: models/best_model_2s_cuda_0.pt
checkpoint_frequency: 10
clipping: false
compute_test_eer: true
deterministic: false
epochs: 1000
log_file: logs/training_resnet_0.log
log_interval: 461
lr: 0.001
mixed_precision: true
multi_gpu: false
num_cpu: 5
numpy_seed: 0
optimizer:
  options: null
  type: adam
patience: 100
random_seed: 0
scheduler:
  options: null
  type: CyclicLR
tmp_model_name: models/tmp_model_2s_cuda_0.pt
torch_seed: 0
validation_frequency: 1

2021-07-29 13:51:15,772 - INFO - Start training process
2021-07-29 13:51:15,772 - INFO - Use 	2 	gpus
2021-07-29 13:51:15,772 - INFO - Use 	5 	cpus
2021-07-29 13:51:15,772 - INFO - Validation EER will be measured using
2021-07-29 13:51:15,891 - INFO - 	 32937 target trials and
2021-07-29 13:51:16,010 - INFO - 	 32858 non-target trials
2021-07-29 13:52:11,510 - INFO - 
*********************************
Dataset options
*********************************

2021-07-29 13:52:11,512 - INFO - batch_size: 256
data_file_extension: .wav
data_path: /ssd/data/VoxCeleb/vox2_dev_wav/wav
dataset_csv: data/voxceleb2_dev_fixed_half1.csv
sample_rate: 16000
stratify: false
test:
  data_path: /ssd/data/VoxCeleb/vox1_test_wav/wav
  idmap: h5f/vox1_test_cleaned_idmap.h5
  key: h5f/vox1_test_cleaned_key.h5
  ndx: h5f/vox1_test_cleaned_ndx.h5
train:
  chunk_per_segment: -1
  duration: 2
  overlap: 2
  sampler:
    augmentation_replica: 1
    examples_per_speaker: 1
    samples_per_speaker: 256
  transform_number: 1
  transformation:
    add_noise:
      data_path: /ssd/data/musan_original
      noise_db_csv: data/musan_original.csv
    add_reverb:
      data_path: /ssd/data/simulated_rirs
      rir_db_csv: data/simulated_rirs.csv
    pipeline: add_reverb,add_noise,phone_filtering,codec
valid:
  duration: 2
  transformation:
    add_noise:
      data_path: /ssd/data/musan_original
      noise_db_csv: data/musan_original.csv
    add_reverb:
      data_path: ''
      noise_db_csv: ''
    pipeline: ''
validation_ratio: 0.02

2021-07-29 13:52:11,512 - INFO - 
*********************************
Model options
*********************************

2021-07-29 13:52:11,513 - INFO - freeze_parts: []
initial_model_name: null
loss:
  aam_margin: O.2
  aam_s: 30
  type: aam
model_type: halfresnet34
preprocessor:
  feature_size: 80
  type: mel_spec
reset_parts: []
speaker_number: 2997

2021-07-29 13:52:11,513 - INFO - 
*********************************
Training options
*********************************

2021-07-29 13:52:11,515 - INFO - best_model_name: models/best_model_2s_cuda_0.pt
checkpoint_frequency: 10
clipping: false
compute_test_eer: true
deterministic: false
epochs: 1000
log_file: logs/training_resnet_0.log
log_interval: 461
lr: 0.001
mixed_precision: true
multi_gpu: false
num_cpu: 5
numpy_seed: 0
optimizer:
  options: null
  type: adam
patience: 100
random_seed: 0
scheduler:
  options: null
  type: CyclicLR
tmp_model_name: models/tmp_model_2s_cuda_0.pt
torch_seed: 0
validation_frequency: 1

2021-07-29 13:55:03,007 - INFO - Start training process
2021-07-29 13:55:03,007 - INFO - Use 	1 	gpus
2021-07-29 13:55:03,007 - INFO - Use 	5 	cpus
2021-07-29 13:55:03,007 - INFO - Validation EER will be measured using
2021-07-29 13:55:03,128 - INFO - 	 32937 target trials and
2021-07-29 13:55:03,251 - INFO - 	 32858 non-target trials
2021-07-29 14:02:25,431 - INFO - 
*********************************
Dataset options
*********************************

2021-07-29 14:02:25,434 - INFO - batch_size: 128
data_file_extension: .wav
data_path: /ssd/data/VoxCeleb/vox2_dev_wav/wav
dataset_csv: data/voxceleb2_dev_fixed_half1.csv
sample_rate: 16000
stratify: false
test:
  data_path: /ssd/data/VoxCeleb/vox1_test_wav/wav
  idmap: h5f/vox1_test_cleaned_idmap.h5
  key: h5f/vox1_test_cleaned_key.h5
  ndx: h5f/vox1_test_cleaned_ndx.h5
train:
  chunk_per_segment: -1
  duration: 2
  overlap: 2
  sampler:
    augmentation_replica: 1
    examples_per_speaker: 1
    samples_per_speaker: 128
  transform_number: 1
  transformation:
    add_noise:
      data_path: /ssd/data/musan_original
      noise_db_csv: data/musan_original.csv
    add_reverb:
      data_path: /ssd/data/simulated_rirs
      rir_db_csv: data/simulated_rirs.csv
    pipeline: add_reverb,add_noise,phone_filtering,codec
valid:
  duration: 2
  transformation:
    add_noise:
      data_path: /ssd/data/musan_original
      noise_db_csv: data/musan_original.csv
    add_reverb:
      data_path: ''
      noise_db_csv: ''
    pipeline: ''
validation_ratio: 0.02

2021-07-29 14:02:25,434 - INFO - 
*********************************
Model options
*********************************

2021-07-29 14:02:25,435 - INFO - freeze_parts: []
initial_model_name: null
loss:
  aam_margin: O.2
  aam_s: 30
  type: aam
model_type: halfresnet34
preprocessor:
  feature_size: 80
  type: mel_spec
reset_parts: []
speaker_number: 2997

2021-07-29 14:02:25,435 - INFO - 
*********************************
Training options
*********************************

2021-07-29 14:02:25,437 - INFO - best_model_name: models/best_model_2s_cuda_0.pt
checkpoint_frequency: 10
clipping: false
compute_test_eer: true
deterministic: false
epochs: 1000
log_file: logs/training_resnet_0.log
log_interval: 461
lr: 0.001
mixed_precision: true
multi_gpu: false
num_cpu: 5
numpy_seed: 0
optimizer:
  options: null
  type: adam
patience: 100
random_seed: 0
scheduler:
  options: null
  type: CyclicLR
tmp_model_name: models/tmp_model_2s_cuda_0.pt
torch_seed: 0
validation_frequency: 1

2021-07-29 14:05:17,092 - INFO - Start training process
2021-07-29 14:05:17,099 - INFO - Use 	2 	gpus
2021-07-29 14:05:17,099 - INFO - Use 	5 	cpus
2021-07-29 14:05:17,100 - INFO - Validation EER will be measured using
2021-07-29 14:05:17,238 - INFO - 	 32937 target trials and
2021-07-29 14:05:17,358 - INFO - 	 32858 non-target trials
2021-07-29 14:05:23,681 - INFO - Epoch: 1 [1/1498 (0%)]	Loss: 15.514028	Accuracy: 0.000
2021-07-29 14:10:09,829 - INFO - Epoch: 1 [462/1498 (31%)]	Loss: 14.630641	Accuracy: 0.019
2021-07-29 14:11:31,121 - INFO - 
*********************************
Dataset options
*********************************

2021-07-29 14:11:31,124 - INFO - batch_size: 128
data_file_extension: .wav
data_path: /ssd/data/VoxCeleb/vox2_dev_wav/wav
dataset_csv: data/voxceleb2_dev_fixed_half1.csv
sample_rate: 16000
stratify: false
test:
  data_path: /ssd/data/VoxCeleb/vox1_test_wav/wav
  idmap: h5f/vox1_test_cleaned_idmap.h5
  key: h5f/vox1_test_cleaned_key.h5
  ndx: h5f/vox1_test_cleaned_ndx.h5
train:
  chunk_per_segment: -1
  duration: 2
  overlap: 2
  sampler:
    augmentation_replica: 1
    examples_per_speaker: 1
    samples_per_speaker: 128
  transform_number: 1
  transformation:
    add_noise:
      data_path: /ssd/data/musan_original
      noise_db_csv: data/musan_original.csv
    add_reverb:
      data_path: /ssd/data/simulated_rirs
      rir_db_csv: data/simulated_rirs.csv
    pipeline: add_reverb,add_noise,phone_filtering,codec
valid:
  duration: 2
  transformation:
    add_noise:
      data_path: /ssd/data/musan_original
      noise_db_csv: data/musan_original.csv
    add_reverb:
      data_path: ''
      noise_db_csv: ''
    pipeline: ''
validation_ratio: 0.02

2021-07-29 14:11:31,124 - INFO - 
*********************************
Model options
*********************************

2021-07-29 14:11:31,125 - INFO - freeze_parts: []
initial_model_name: null
loss:
  aam_margin: O.2
  aam_s: 30
  type: aam
model_type: halfresnet34
preprocessor:
  feature_size: 80
  type: mel_spec
reset_parts: []
speaker_number: 2997

2021-07-29 14:11:31,125 - INFO - 
*********************************
Training options
*********************************

2021-07-29 14:11:31,126 - INFO - best_model_name: models/best_model_2s_cuda_0.pt
checkpoint_frequency: 10
clipping: false
compute_test_eer: true
deterministic: false
epochs: 1000
log_file: logs/training_resnet_0.log
log_interval: 461
lr: 0.001
mixed_precision: true
multi_gpu: false
num_cpu: 5
numpy_seed: 0
optimizer:
  options: null
  type: adam
patience: 100
random_seed: 0
scheduler:
  options: null
  type: CyclicLR
tmp_model_name: models/tmp_model_2s_cuda_0.pt
torch_seed: 0
validation_frequency: 1

2021-07-29 14:14:27,433 - INFO - Start training process
2021-07-29 14:14:27,433 - INFO - Use 	1 	gpus
2021-07-29 14:14:27,433 - INFO - Use 	5 	cpus
2021-07-29 14:14:27,433 - INFO - Validation EER will be measured using
2021-07-29 14:14:27,553 - INFO - 	 32937 target trials and
2021-07-29 14:14:27,673 - INFO - 	 32858 non-target trials
2021-07-29 14:14:34,065 - INFO - Epoch: 1 [1/2997 (0%)]	Loss: 15.520538	Accuracy: 0.000
2021-07-29 14:19:19,762 - INFO - Epoch: 1 [462/2997 (15%)]	Loss: 14.814684	Accuracy: 0.025
2021-07-29 14:24:06,373 - INFO - Epoch: 1 [923/2997 (31%)]	Loss: 14.119743	Accuracy: 0.015
2021-07-29 14:28:53,009 - INFO - Epoch: 1 [1384/2997 (46%)]	Loss: 14.032810	Accuracy: 0.024
2021-07-29 14:33:39,478 - INFO - Epoch: 1 [1845/2997 (62%)]	Loss: 13.857345	Accuracy: 0.044
2021-07-29 14:38:25,952 - INFO - Epoch: 1 [2306/2997 (77%)]	Loss: 13.606641	Accuracy: 0.053
2021-07-29 14:43:12,460 - INFO - Epoch: 1 [2767/2997 (92%)]	Loss: 13.466517	Accuracy: 0.080
2021-07-29 14:48:10,473 - CRITICAL - ***Validation metrics - Cross validation accuracy = 0.5060545816013012 %, EER = 31.267388165986475 %
2021-07-29 14:48:10,473 - CRITICAL - ***Test metrics - Test EER = 29.771645502203086 %
2021-07-29 14:48:17,108 - INFO - Epoch: 2 [1/2997 (0%)]	Loss: 13.186618	Accuracy: 0.000
2021-07-29 14:53:03,570 - INFO - Epoch: 2 [462/2997 (15%)]	Loss: 13.190027	Accuracy: 0.347
2021-07-29 14:57:50,162 - INFO - Epoch: 2 [923/2997 (31%)]	Loss: 12.721198	Accuracy: 1.446
2021-07-29 15:02:36,702 - INFO - Epoch: 2 [1384/2997 (46%)]	Loss: 12.109173	Accuracy: 3.627
2021-07-29 15:07:23,262 - INFO - Epoch: 2 [1845/2997 (62%)]	Loss: 11.518872	Accuracy: 7.323
2021-07-29 15:12:09,873 - INFO - Epoch: 2 [2306/2997 (77%)]	Loss: 10.988210	Accuracy: 11.615
2021-07-29 15:16:56,468 - INFO - Epoch: 2 [2767/2997 (92%)]	Loss: 10.523322	Accuracy: 15.939
2021-07-29 15:20:43,311 - CRITICAL - ***Validation metrics - Cross validation accuracy = 28.24868968010121 %, EER = 14.368471093220341 %
2021-07-29 15:20:43,312 - CRITICAL - ***Test metrics - Test EER = 11.518378968362475 %
2021-07-29 15:20:46,620 - INFO - Epoch: 3 [1/2997 (0%)]	Loss: 9.652010	Accuracy: 27.344
2021-07-29 15:25:32,978 - INFO - Epoch: 3 [462/2997 (15%)]	Loss: 9.847582	Accuracy: 22.868
2021-07-29 15:30:19,518 - INFO - Epoch: 3 [923/2997 (31%)]	Loss: 9.408164	Accuracy: 27.525
2021-07-29 15:35:06,074 - INFO - Epoch: 3 [1384/2997 (46%)]	Loss: 8.996267	Accuracy: 31.989
2021-07-29 15:39:52,600 - INFO - Epoch: 3 [1845/2997 (62%)]	Loss: 8.578842	Accuracy: 35.909
2021-07-29 15:44:39,243 - INFO - Epoch: 3 [2306/2997 (77%)]	Loss: 8.220131	Accuracy: 39.679
2021-07-29 15:49:25,804 - INFO - Epoch: 3 [2767/2997 (92%)]	Loss: 7.840409	Accuracy: 43.294
2021-07-29 15:53:12,953 - CRITICAL - ***Validation metrics - Cross validation accuracy = 46.58413157419122 %, EER = 11.98046013588638 %
2021-07-29 15:53:12,953 - CRITICAL - ***Test metrics - Test EER = 8.801857695805841 %
2021-07-29 15:53:16,430 - INFO - Epoch: 4 [1/2997 (0%)]	Loss: 7.609662	Accuracy: 56.250
2021-07-29 15:58:11,332 - INFO - Epoch: 4 [462/2997 (15%)]	Loss: 7.361884	Accuracy: 48.141
2021-07-29 16:03:21,233 - INFO - Epoch: 4 [923/2997 (31%)]	Loss: 7.065880	Accuracy: 51.032
2021-07-29 16:08:52,925 - INFO - Epoch: 4 [1384/2997 (46%)]	Loss: 6.732207	Accuracy: 54.362
2021-07-29 16:13:44,110 - INFO - Epoch: 4 [1845/2997 (62%)]	Loss: 6.513559	Accuracy: 56.418
2021-07-29 16:18:30,718 - INFO - Epoch: 4 [2306/2997 (77%)]	Loss: 6.272462	Accuracy: 59.000
2021-07-29 16:23:26,233 - INFO - Epoch: 4 [2767/2997 (92%)]	Loss: 6.113821	Accuracy: 60.697
2021-07-29 16:27:22,884 - CRITICAL - ***Validation metrics - Cross validation accuracy = 72.67305259352973 %, EER = 9.6173632768563 %
2021-07-29 16:27:22,891 - CRITICAL - ***Test metrics - Test EER = 6.557716720768801 %
2021-07-29 16:27:26,216 - INFO - Epoch: 5 [1/2997 (0%)]	Loss: 6.246336	Accuracy: 58.594
2021-07-29 16:32:12,730 - INFO - Epoch: 5 [462/2997 (15%)]	Loss: 5.873672	Accuracy: 62.986
2021-07-29 16:37:11,555 - INFO - Epoch: 5 [923/2997 (31%)]	Loss: 5.753297	Accuracy: 64.151
2021-07-29 16:42:23,509 - INFO - Epoch: 5 [1384/2997 (46%)]	Loss: 5.622622	Accuracy: 65.601
2021-07-29 16:47:09,998 - INFO - Epoch: 5 [1845/2997 (62%)]	Loss: 5.444119	Accuracy: 67.221
2021-07-29 16:51:56,446 - INFO - Epoch: 5 [2306/2997 (77%)]	Loss: 5.361470	Accuracy: 68.233
2021-07-29 16:56:42,884 - INFO - Epoch: 5 [2767/2997 (92%)]	Loss: 5.314421	Accuracy: 68.777
2021-07-29 17:00:33,384 - CRITICAL - ***Validation metrics - Cross validation accuracy = 78.80896439544551 %, EER = 8.911741360952472 %
2021-07-29 17:00:33,384 - CRITICAL - ***Test metrics - Test EER = 5.7553638036449595 %
2021-07-29 17:00:38,548 - INFO - Epoch: 6 [1/2997 (0%)]	Loss: 4.824920	Accuracy: 75.000
2021-07-29 17:05:29,006 - INFO - Epoch: 6 [462/2997 (15%)]	Loss: 5.148716	Accuracy: 70.299
2021-07-29 17:10:21,849 - INFO - Epoch: 6 [923/2997 (31%)]	Loss: 5.061339	Accuracy: 71.255
2021-07-29 17:15:17,550 - INFO - Epoch: 6 [1384/2997 (46%)]	Loss: 5.004404	Accuracy: 71.870
2021-07-29 17:20:04,025 - INFO - Epoch: 6 [1845/2997 (62%)]	Loss: 4.964774	Accuracy: 72.429
2021-07-29 17:24:50,457 - INFO - Epoch: 6 [2306/2997 (77%)]	Loss: 4.878260	Accuracy: 72.890
2021-07-29 17:29:36,971 - INFO - Epoch: 6 [2767/2997 (92%)]	Loss: 4.780717	Accuracy: 73.943
